{"C:\\Users\\HUAWEI\\Downloads\\fanops\\fanops-unified-main\\src\\components\\mode-toggle.tsx": {"path":"C:\\Users\\HUAWEI\\Downloads\\fanops\\fanops-unified-main\\src\\components\\mode-toggle.tsx","statementMap":{"0":{"start":{"line":5,"column":15},"end":{"line":5,"column":null}},"1":{"start":{"line":5,"column":47},"end":{"line":5,"column":67}},"2":{"start":{"line":6,"column":14},"end":{"line":6,"column":null}},"3":{"start":{"line":7,"column":2},"end":{"line":31,"column":null}}},"fnMap":{"0":{"name":"ModeToggle","decl":{"start":{"line":4,"column":16},"end":{"line":4,"column":29}},"loc":{"start":{"line":4,"column":29},"end":{"line":33,"column":null}},"line":4},"1":{"name":"(anonymous_1)","decl":{"start":{"line":5,"column":32},"end":{"line":5,"column":41}},"loc":{"start":{"line":5,"column":47},"end":{"line":5,"column":67}},"line":5}},"branchMap":{"0":{"loc":{"start":{"line":13,"column":12},"end":{"line":13,"column":null}},"type":"cond-expr","locations":[{"start":{"line":13,"column":18},"end":{"line":13,"column":63}},{"start":{"line":13,"column":63},"end":{"line":13,"column":null}}],"line":13},"1":{"loc":{"start":{"line":22,"column":12},"end":{"line":24,"column":null}},"type":"cond-expr","locations":[{"start":{"line":23,"column":16},"end":{"line":23,"column":null}},{"start":{"line":24,"column":16},"end":{"line":24,"column":null}}],"line":22},"2":{"loc":{"start":{"line":22,"column":12},"end":{"line":22,"column":null}},"type":"binary-expr","locations":[{"start":{"line":22,"column":12},"end":{"line":22,"column":20}},{"start":{"line":22,"column":20},"end":{"line":22,"column":null}}],"line":22}},"s":{"0":0,"1":0,"2":0,"3":0},"f":{"0":0,"1":0},"b":{"0":[0,0],"1":[0,0],"2":[0,0]},"meta":{"lastBranch":3,"lastFunction":2,"lastStatement":4,"seen":{"f:4:16:4:29":0,"s:5:15:5:Infinity":0,"f:5:32:5:41":1,"s:5:47:5:67":1,"s:6:14:6:Infinity":2,"s:7:2:31:Infinity":3,"b:13:18:13:63:13:63:13:Infinity":0,"b:23:16:23:Infinity:24:16:24:Infinity":1,"b:22:12:22:20:22:20:22:Infinity":2},"fnNames":{}}}
,"C:\\Users\\HUAWEI\\Downloads\\fanops\\fanops-unified-main\\src\\components\\Match\\MatchScoreboard.tsx": {"path":"C:\\Users\\HUAWEI\\Downloads\\fanops\\fanops-unified-main\\src\\components\\Match\\MatchScoreboard.tsx","statementMap":{"0":{"start":{"line":13,"column":16},"end":{"line":13,"column":32}},"1":{"start":{"line":14,"column":17},"end":{"line":14,"column":32}},"2":{"start":{"line":15,"column":17},"end":{"line":15,"column":27}},"3":{"start":{"line":16,"column":23},"end":{"line":16,"column":37}},"4":{"start":{"line":17,"column":24},"end":{"line":17,"column":37}},"5":{"start":{"line":20,"column":44},"end":{"line":20,"column":null}},"6":{"start":{"line":21,"column":2},"end":{"line":27,"column":null}},"7":{"start":{"line":22,"column":4},"end":{"line":22,"column":null}},"8":{"start":{"line":22,"column":17},"end":{"line":22,"column":null}},"9":{"start":{"line":23,"column":21},"end":{"line":25,"column":null}},"10":{"start":{"line":24,"column":6},"end":{"line":24,"column":null}},"11":{"start":{"line":24,"column":30},"end":{"line":24,"column":49}},"12":{"start":{"line":26,"column":4},"end":{"line":26,"column":null}},"13":{"start":{"line":26,"column":17},"end":{"line":26,"column":null}},"14":{"start":{"line":28,"column":2},"end":{"line":30,"column":null}},"15":{"start":{"line":29,"column":4},"end":{"line":29,"column":null}},"16":{"start":{"line":33,"column":2},"end":{"line":38,"column":null}},"17":{"start":{"line":34,"column":22},"end":{"line":34,"column":null}},"18":{"start":{"line":34,"column":56},"end":{"line":34,"column":84}},"19":{"start":{"line":35,"column":22},"end":{"line":35,"column":null}},"20":{"start":{"line":35,"column":56},"end":{"line":35,"column":84}},"21":{"start":{"line":36,"column":22},"end":{"line":36,"column":null}},"22":{"start":{"line":36,"column":64},"end":{"line":36,"column":92}},"23":{"start":{"line":37,"column":4},"end":{"line":37,"column":null}},"24":{"start":{"line":37,"column":19},"end":{"line":37,"column":32}},"25":{"start":{"line":37,"column":32},"end":{"line":37,"column":45}},"26":{"start":{"line":37,"column":45},"end":{"line":37,"column":57}},"27":{"start":{"line":40,"column":2},"end":{"line":40,"column":null}},"28":{"start":{"line":40,"column":14},"end":{"line":40,"column":null}},"29":{"start":{"line":42,"column":23},"end":{"line":42,"column":null}},"30":{"start":{"line":44,"column":2},"end":{"line":125,"column":null}},"31":{"start":{"line":111,"column":14},"end":{"line":111,"column":null}},"32":{"start":{"line":132,"column":4},"end":{"line":136,"column":null}},"33":{"start":{"line":137,"column":20},"end":{"line":137,"column":null}},"34":{"start":{"line":138,"column":2},"end":{"line":148,"column":null}},"35":{"start":{"line":154,"column":34},"end":{"line":154,"column":null}},"36":{"start":{"line":155,"column":30},"end":{"line":155,"column":null}},"37":{"start":{"line":156,"column":26},"end":{"line":156,"column":null}},"38":{"start":{"line":157,"column":16},"end":{"line":157,"column":null}},"39":{"start":{"line":159,"column":16},"end":{"line":164,"column":null}},"40":{"start":{"line":159,"column":30},"end":{"line":164,"column":5}},"41":{"start":{"line":166,"column":14},"end":{"line":184,"column":null}},"42":{"start":{"line":167,"column":4},"end":{"line":167,"column":null}},"43":{"start":{"line":167,"column":27},"end":{"line":167,"column":null}},"44":{"start":{"line":168,"column":4},"end":{"line":168,"column":null}},"45":{"start":{"line":169,"column":4},"end":{"line":169,"column":null}},"46":{"start":{"line":170,"column":4},"end":{"line":183,"column":null}},"47":{"start":{"line":171,"column":21},"end":{"line":177,"column":null}},"48":{"start":{"line":178,"column":6},"end":{"line":178,"column":null}},"49":{"start":{"line":180,"column":6},"end":{"line":180,"column":null}},"50":{"start":{"line":182,"column":6},"end":{"line":182,"column":null}},"51":{"start":{"line":186,"column":2},"end":{"line":236,"column":null}},"52":{"start":{"line":195,"column":10},"end":{"line":205,"column":null}},"53":{"start":{"line":198,"column":14},"end":{"line":198,"column":null}},"54":{"start":{"line":199,"column":14},"end":{"line":199,"column":null}},"55":{"start":{"line":214,"column":27},"end":{"line":214,"column":null}},"56":{"start":{"line":215,"column":28},"end":{"line":215,"column":null}},"57":{"start":{"line":219,"column":25},"end":{"line":219,"column":null}}},"fnMap":{"0":{"name":"MatchScoreboard","decl":{"start":{"line":12,"column":16},"end":{"line":12,"column":32}},"loc":{"start":{"line":12,"column":73},"end":{"line":127,"column":null}},"line":12},"1":{"name":"(anonymous_1)","decl":{"start":{"line":21,"column":2},"end":{"line":21,"column":18}},"loc":{"start":{"line":21,"column":18},"end":{"line":27,"column":5}},"line":21},"2":{"name":"(anonymous_2)","decl":{"start":{"line":23,"column":21},"end":{"line":23,"column":39}},"loc":{"start":{"line":23,"column":39},"end":{"line":25,"column":7}},"line":23},"3":{"name":"(anonymous_3)","decl":{"start":{"line":24,"column":6},"end":{"line":24,"column":24}},"loc":{"start":{"line":24,"column":30},"end":{"line":24,"column":49}},"line":24},"4":{"name":"(anonymous_4)","decl":{"start":{"line":26,"column":4},"end":{"line":26,"column":17}},"loc":{"start":{"line":26,"column":17},"end":{"line":26,"column":null}},"line":26},"5":{"name":"(anonymous_5)","decl":{"start":{"line":28,"column":2},"end":{"line":28,"column":18}},"loc":{"start":{"line":28,"column":18},"end":{"line":30,"column":5}},"line":28},"6":{"name":"(anonymous_6)","decl":{"start":{"line":33,"column":2},"end":{"line":33,"column":18}},"loc":{"start":{"line":33,"column":18},"end":{"line":38,"column":5}},"line":33},"7":{"name":"(anonymous_7)","decl":{"start":{"line":34,"column":32},"end":{"line":34,"column":47}},"loc":{"start":{"line":34,"column":56},"end":{"line":34,"column":84}},"line":34},"8":{"name":"(anonymous_8)","decl":{"start":{"line":35,"column":32},"end":{"line":35,"column":47}},"loc":{"start":{"line":35,"column":56},"end":{"line":35,"column":84}},"line":35},"9":{"name":"(anonymous_9)","decl":{"start":{"line":36,"column":32},"end":{"line":36,"column":55}},"loc":{"start":{"line":36,"column":64},"end":{"line":36,"column":92}},"line":36},"10":{"name":"(anonymous_10)","decl":{"start":{"line":37,"column":4},"end":{"line":37,"column":17}},"loc":{"start":{"line":37,"column":17},"end":{"line":37,"column":null}},"line":37},"11":{"name":"(anonymous_11)","decl":{"start":{"line":110,"column":26},"end":{"line":110,"column":31}},"loc":{"start":{"line":111,"column":14},"end":{"line":111,"column":null}},"line":111},"12":{"name":"EventRow","decl":{"start":{"line":130,"column":9},"end":{"line":130,"column":18}},"loc":{"start":{"line":130,"column":52},"end":{"line":150,"column":null}},"line":130},"13":{"name":"AskGroqWidget","decl":{"start":{"line":153,"column":9},"end":{"line":153,"column":23}},"loc":{"start":{"line":153,"column":86},"end":{"line":238,"column":null}},"line":153},"14":{"name":"(anonymous_14)","decl":{"start":{"line":159,"column":16},"end":{"line":159,"column":30}},"loc":{"start":{"line":159,"column":30},"end":{"line":164,"column":5}},"line":159},"15":{"name":"(anonymous_15)","decl":{"start":{"line":166,"column":14},"end":{"line":166,"column":21}},"loc":{"start":{"line":166,"column":35},"end":{"line":184,"column":null}},"line":166},"16":{"name":"(anonymous_16)","decl":{"start":{"line":194,"column":15},"end":{"line":194,"column":20}},"loc":{"start":{"line":195,"column":10},"end":{"line":205,"column":null}},"line":195},"17":{"name":"(anonymous_17)","decl":{"start":{"line":197,"column":12},"end":{"line":197,"column":27}},"loc":{"start":{"line":197,"column":27},"end":{"line":200,"column":null}},"line":197},"18":{"name":"(anonymous_18)","decl":{"start":{"line":214,"column":10},"end":{"line":214,"column":21}},"loc":{"start":{"line":214,"column":27},"end":{"line":214,"column":null}},"line":214},"19":{"name":"(anonymous_19)","decl":{"start":{"line":215,"column":10},"end":{"line":215,"column":22}},"loc":{"start":{"line":215,"column":28},"end":{"line":215,"column":null}},"line":215},"20":{"name":"(anonymous_20)","decl":{"start":{"line":219,"column":10},"end":{"line":219,"column":25}},"loc":{"start":{"line":219,"column":25},"end":{"line":219,"column":null}},"line":219}},"branchMap":{"0":{"loc":{"start":{"line":12,"column":34},"end":{"line":12,"column":73}},"type":"default-arg","locations":[{"start":{"line":12,"column":41},"end":{"line":12,"column":73}}],"line":12},"1":{"loc":{"start":{"line":20,"column":53},"end":{"line":20,"column":71}},"type":"binary-expr","locations":[{"start":{"line":20,"column":53},"end":{"line":20,"column":70}},{"start":{"line":20,"column":70},"end":{"line":20,"column":71}}],"line":20},"2":{"loc":{"start":{"line":22,"column":4},"end":{"line":22,"column":null}},"type":"if","locations":[{"start":{"line":22,"column":4},"end":{"line":22,"column":null}},{"start":{},"end":{}}],"line":22},"3":{"loc":{"start":{"line":29,"column":21},"end":{"line":29,"column":39}},"type":"binary-expr","locations":[{"start":{"line":29,"column":21},"end":{"line":29,"column":38}},{"start":{"line":29,"column":38},"end":{"line":29,"column":39}}],"line":29},"4":{"loc":{"start":{"line":40,"column":2},"end":{"line":40,"column":null}},"type":"if","locations":[{"start":{"line":40,"column":2},"end":{"line":40,"column":null}},{"start":{},"end":{}}],"line":40},"5":{"loc":{"start":{"line":55,"column":13},"end":{"line":61,"column":13}},"type":"binary-expr","locations":[{"start":{"line":55,"column":13},"end":{"line":55,"column":null}},{"start":{"line":56,"column":14},"end":{"line":61,"column":13}}],"line":55},"6":{"loc":{"start":{"line":88,"column":15},"end":{"line":92,"column":null}},"type":"cond-expr","locations":[{"start":{"line":89,"column":18},"end":{"line":89,"column":null}},{"start":{"line":90,"column":18},"end":{"line":92,"column":null}}],"line":88},"7":{"loc":{"start":{"line":90,"column":18},"end":{"line":92,"column":null}},"type":"cond-expr","locations":[{"start":{"line":91,"column":20},"end":{"line":91,"column":null}},{"start":{"line":92,"column":20},"end":{"line":92,"column":null}}],"line":90},"8":{"loc":{"start":{"line":105,"column":9},"end":{"line":113,"column":null}},"type":"binary-expr","locations":[{"start":{"line":105,"column":9},"end":{"line":105,"column":null}},{"start":{"line":106,"column":10},"end":{"line":113,"column":null}}],"line":105},"9":{"loc":{"start":{"line":132,"column":4},"end":{"line":136,"column":null}},"type":"cond-expr","locations":[{"start":{"line":132,"column":36},"end":{"line":132,"column":null}},{"start":{"line":133,"column":4},"end":{"line":136,"column":null}}],"line":132},"10":{"loc":{"start":{"line":133,"column":4},"end":{"line":136,"column":null}},"type":"cond-expr","locations":[{"start":{"line":133,"column":36},"end":{"line":133,"column":null}},{"start":{"line":134,"column":4},"end":{"line":136,"column":null}}],"line":133},"11":{"loc":{"start":{"line":134,"column":4},"end":{"line":136,"column":null}},"type":"cond-expr","locations":[{"start":{"line":134,"column":36},"end":{"line":134,"column":null}},{"start":{"line":135,"column":4},"end":{"line":136,"column":null}}],"line":134},"12":{"loc":{"start":{"line":135,"column":4},"end":{"line":136,"column":null}},"type":"cond-expr","locations":[{"start":{"line":135,"column":36},"end":{"line":135,"column":null}},{"start":{"line":136,"column":4},"end":{"line":136,"column":null}}],"line":135},"13":{"loc":{"start":{"line":136,"column":4},"end":{"line":136,"column":null}},"type":"cond-expr","locations":[{"start":{"line":136,"column":36},"end":{"line":136,"column":43}},{"start":{"line":136,"column":43},"end":{"line":136,"column":null}}],"line":136},"14":{"loc":{"start":{"line":137,"column":20},"end":{"line":137,"column":null}},"type":"cond-expr","locations":[{"start":{"line":137,"column":44},"end":{"line":137,"column":59}},{"start":{"line":137,"column":59},"end":{"line":137,"column":null}}],"line":137},"15":{"loc":{"start":{"line":145,"column":9},"end":{"line":145,"column":null}},"type":"binary-expr","locations":[{"start":{"line":145,"column":9},"end":{"line":145,"column":26}},{"start":{"line":145,"column":26},"end":{"line":145,"column":null}}],"line":145},"16":{"loc":{"start":{"line":153,"column":32},"end":{"line":153,"column":86}},"type":"default-arg","locations":[{"start":{"line":153,"column":39},"end":{"line":153,"column":86}}],"line":153},"17":{"loc":{"start":{"line":167,"column":4},"end":{"line":167,"column":null}},"type":"if","locations":[{"start":{"line":167,"column":4},"end":{"line":167,"column":null}},{"start":{},"end":{}}],"line":167},"18":{"loc":{"start":{"line":167,"column":8},"end":{"line":167,"column":27}},"type":"binary-expr","locations":[{"start":{"line":167,"column":8},"end":{"line":167,"column":21}},{"start":{"line":167,"column":21},"end":{"line":167,"column":27}}],"line":167},"19":{"loc":{"start":{"line":215,"column":28},"end":{"line":215,"column":null}},"type":"binary-expr","locations":[{"start":{"line":215,"column":28},"end":{"line":215,"column":49}},{"start":{"line":215,"column":49},"end":{"line":215,"column":null}}],"line":215},"20":{"loc":{"start":{"line":220,"column":20},"end":{"line":220,"column":null}},"type":"binary-expr","locations":[{"start":{"line":220,"column":20},"end":{"line":220,"column":28}},{"start":{"line":220,"column":28},"end":{"line":220,"column":null}}],"line":220},"21":{"loc":{"start":{"line":224,"column":11},"end":{"line":224,"column":null}},"type":"cond-expr","locations":[{"start":{"line":224,"column":18},"end":{"line":224,"column":66}},{"start":{"line":224,"column":65},"end":{"line":224,"column":null}}],"line":224},"22":{"loc":{"start":{"line":228,"column":8},"end":{"line":234,"column":null}},"type":"binary-expr","locations":[{"start":{"line":228,"column":8},"end":{"line":228,"column":16}},{"start":{"line":228,"column":16},"end":{"line":228,"column":null}},{"start":{"line":229,"column":8},"end":{"line":234,"column":null}}],"line":228},"23":{"loc":{"start":{"line":233,"column":69},"end":{"line":233,"column":104}},"type":"cond-expr","locations":[{"start":{"line":233,"column":76},"end":{"line":233,"column":92}},{"start":{"line":233,"column":92},"end":{"line":233,"column":104}}],"line":233}},"s":{"0":0,"1":0,"2":0,"3":0,"4":0,"5":0,"6":0,"7":0,"8":0,"9":0,"10":0,"11":0,"12":0,"13":0,"14":0,"15":0,"16":0,"17":0,"18":0,"19":0,"20":0,"21":0,"22":0,"23":0,"24":0,"25":0,"26":0,"27":0,"28":0,"29":0,"30":0,"31":0,"32":0,"33":0,"34":0,"35":0,"36":0,"37":0,"38":0,"39":0,"40":0,"41":0,"42":0,"43":0,"44":0,"45":0,"46":0,"47":0,"48":0,"49":0,"50":0,"51":0,"52":0,"53":0,"54":0,"55":0,"56":0,"57":0},"f":{"0":0,"1":0,"2":0,"3":0,"4":0,"5":0,"6":0,"7":0,"8":0,"9":0,"10":0,"11":0,"12":0,"13":0,"14":0,"15":0,"16":0,"17":0,"18":0,"19":0,"20":0},"b":{"0":[0],"1":[0,0],"2":[0,0],"3":[0,0],"4":[0,0],"5":[0,0],"6":[0,0],"7":[0,0],"8":[0,0],"9":[0,0],"10":[0,0],"11":[0,0],"12":[0,0],"13":[0,0],"14":[0,0],"15":[0,0],"16":[0],"17":[0,0],"18":[0,0],"19":[0,0],"20":[0,0],"21":[0,0],"22":[0,0,0],"23":[0,0]},"meta":{"lastBranch":24,"lastFunction":21,"lastStatement":58,"seen":{"f:12:16:12:32":0,"b:12:41:12:73":0,"s:13:16:13:32":0,"s:14:17:14:32":1,"s:15:17:15:27":2,"s:16:23:16:37":3,"s:17:24:17:37":4,"s:20:44:20:Infinity":5,"b:20:53:20:70:20:70:20:71":1,"s:21:2:27:Infinity":6,"f:21:2:21:18":1,"b:22:4:22:Infinity:undefined:undefined:undefined:undefined":2,"s:22:4:22:Infinity":7,"s:22:17:22:Infinity":8,"s:23:21:25:Infinity":9,"f:23:21:23:39":2,"s:24:6:24:Infinity":10,"f:24:6:24:24":3,"s:24:30:24:49":11,"s:26:4:26:Infinity":12,"f:26:4:26:17":4,"s:26:17:26:Infinity":13,"s:28:2:30:Infinity":14,"f:28:2:28:18":5,"s:29:4:29:Infinity":15,"b:29:21:29:38:29:38:29:39":3,"s:33:2:38:Infinity":16,"f:33:2:33:18":6,"s:34:22:34:Infinity":17,"f:34:32:34:47":7,"s:34:56:34:84":18,"s:35:22:35:Infinity":19,"f:35:32:35:47":8,"s:35:56:35:84":20,"s:36:22:36:Infinity":21,"f:36:32:36:55":9,"s:36:64:36:92":22,"s:37:4:37:Infinity":23,"f:37:4:37:17":10,"s:37:19:37:32":24,"s:37:32:37:45":25,"s:37:45:37:57":26,"b:40:2:40:Infinity:undefined:undefined:undefined:undefined":4,"s:40:2:40:Infinity":27,"s:40:14:40:Infinity":28,"s:42:23:42:Infinity":29,"s:44:2:125:Infinity":30,"b:55:13:55:Infinity:56:14:61:13":5,"b:89:18:89:Infinity:90:18:92:Infinity":6,"b:91:20:91:Infinity:92:20:92:Infinity":7,"b:105:9:105:Infinity:106:10:113:Infinity":8,"f:110:26:110:31":11,"s:111:14:111:Infinity":31,"f:130:9:130:18":12,"s:132:4:136:Infinity":32,"b:132:36:132:Infinity:133:4:136:Infinity":9,"b:133:36:133:Infinity:134:4:136:Infinity":10,"b:134:36:134:Infinity:135:4:136:Infinity":11,"b:135:36:135:Infinity:136:4:136:Infinity":12,"b:136:36:136:43:136:43:136:Infinity":13,"s:137:20:137:Infinity":33,"b:137:44:137:59:137:59:137:Infinity":14,"s:138:2:148:Infinity":34,"b:145:9:145:26:145:26:145:Infinity":15,"f:153:9:153:23":13,"b:153:39:153:86":16,"s:154:34:154:Infinity":35,"s:155:30:155:Infinity":36,"s:156:26:156:Infinity":37,"s:157:16:157:Infinity":38,"s:159:16:164:Infinity":39,"f:159:16:159:30":14,"s:159:30:164:5":40,"s:166:14:184:Infinity":41,"f:166:14:166:21":15,"b:167:4:167:Infinity:undefined:undefined:undefined:undefined":17,"s:167:4:167:Infinity":42,"b:167:8:167:21:167:21:167:27":18,"s:167:27:167:Infinity":43,"s:168:4:168:Infinity":44,"s:169:4:169:Infinity":45,"s:170:4:183:Infinity":46,"s:171:21:177:Infinity":47,"s:178:6:178:Infinity":48,"s:180:6:180:Infinity":49,"s:182:6:182:Infinity":50,"s:186:2:236:Infinity":51,"f:194:15:194:20":16,"s:195:10:205:Infinity":52,"f:197:12:197:27":17,"s:198:14:198:Infinity":53,"s:199:14:199:Infinity":54,"f:214:10:214:21":18,"s:214:27:214:Infinity":55,"f:215:10:215:22":19,"s:215:28:215:Infinity":56,"b:215:28:215:49:215:49:215:Infinity":19,"f:219:10:219:25":20,"s:219:25:219:Infinity":57,"b:220:20:220:28:220:28:220:Infinity":20,"b:224:18:224:66:224:65:224:Infinity":21,"b:228:8:228:16:228:16:228:Infinity:229:8:234:Infinity":22,"b:233:76:233:92:233:92:233:104":23},"fnNames":{}}}
,"C:\\Users\\HUAWEI\\Downloads\\fanops\\fanops-unified-main\\src\\hooks\\use-mobile.tsx": {"path":"C:\\Users\\HUAWEI\\Downloads\\fanops\\fanops-unified-main\\src\\hooks\\use-mobile.tsx","statementMap":{"0":{"start":{"line":3,"column":26},"end":{"line":3,"column":null}},"1":{"start":{"line":6,"column":34},"end":{"line":6,"column":null}},"2":{"start":{"line":8,"column":2},"end":{"line":16,"column":null}},"3":{"start":{"line":9,"column":16},"end":{"line":9,"column":null}},"4":{"start":{"line":10,"column":10},"end":{"line":12,"column":null}},"5":{"start":{"line":11,"column":6},"end":{"line":11,"column":null}},"6":{"start":{"line":13,"column":4},"end":{"line":13,"column":null}},"7":{"start":{"line":14,"column":4},"end":{"line":14,"column":null}},"8":{"start":{"line":15,"column":4},"end":{"line":15,"column":null}},"9":{"start":{"line":15,"column":17},"end":{"line":15,"column":null}},"10":{"start":{"line":18,"column":2},"end":{"line":18,"column":null}}},"fnMap":{"0":{"name":"useIsMobile","decl":{"start":{"line":5,"column":16},"end":{"line":5,"column":30}},"loc":{"start":{"line":5,"column":30},"end":{"line":19,"column":null}},"line":5},"1":{"name":"(anonymous_1)","decl":{"start":{"line":8,"column":8},"end":{"line":8,"column":24}},"loc":{"start":{"line":8,"column":24},"end":{"line":16,"column":5}},"line":8},"2":{"name":"(anonymous_2)","decl":{"start":{"line":10,"column":10},"end":{"line":10,"column":27}},"loc":{"start":{"line":10,"column":27},"end":{"line":12,"column":null}},"line":10},"3":{"name":"(anonymous_3)","decl":{"start":{"line":15,"column":4},"end":{"line":15,"column":17}},"loc":{"start":{"line":15,"column":17},"end":{"line":15,"column":null}},"line":15}},"branchMap":{},"s":{"0":0,"1":0,"2":0,"3":0,"4":0,"5":0,"6":0,"7":0,"8":0,"9":0,"10":0},"f":{"0":0,"1":0,"2":0,"3":0},"b":{},"meta":{"lastBranch":0,"lastFunction":4,"lastStatement":11,"seen":{"s:3:26:3:Infinity":0,"f:5:16:5:30":0,"s:6:34:6:Infinity":1,"s:8:2:16:Infinity":2,"f:8:8:8:24":1,"s:9:16:9:Infinity":3,"s:10:10:12:Infinity":4,"f:10:10:10:27":2,"s:11:6:11:Infinity":5,"s:13:4:13:Infinity":6,"s:14:4:14:Infinity":7,"s:15:4:15:Infinity":8,"f:15:4:15:17":3,"s:15:17:15:Infinity":9,"s:18:2:18:Infinity":10},"fnNames":{}}}
,"C:\\Users\\HUAWEI\\Downloads\\fanops\\fanops-unified-main\\src\\hooks\\useWebSocket.ts": {"path":"C:\\Users\\HUAWEI\\Downloads\\fanops\\fanops-unified-main\\src\\hooks\\useWebSocket.ts","statementMap":{"0":{"start":{"line":7,"column":2},"end":{"line":9,"column":null}},"1":{"start":{"line":23,"column":13},"end":{"line":99,"column":null}},"2":{"start":{"line":24,"column":20},"end":{"line":24,"column":null}},"3":{"start":{"line":25,"column":23},"end":{"line":25,"column":null}},"4":{"start":{"line":27,"column":2},"end":{"line":64,"column":null}},"5":{"start":{"line":28,"column":23},"end":{"line":28,"column":null}},"6":{"start":{"line":29,"column":4},"end":{"line":32,"column":null}},"7":{"start":{"line":31,"column":6},"end":{"line":31,"column":null}},"8":{"start":{"line":35,"column":6},"end":{"line":35,"column":null}},"9":{"start":{"line":37,"column":4},"end":{"line":43,"column":null}},"10":{"start":{"line":45,"column":4},"end":{"line":48,"column":null}},"11":{"start":{"line":46,"column":6},"end":{"line":46,"column":null}},"12":{"start":{"line":47,"column":6},"end":{"line":47,"column":null}},"13":{"start":{"line":50,"column":4},"end":{"line":53,"column":null}},"14":{"start":{"line":51,"column":6},"end":{"line":51,"column":null}},"15":{"start":{"line":52,"column":6},"end":{"line":52,"column":null}},"16":{"start":{"line":55,"column":4},"end":{"line":57,"column":null}},"17":{"start":{"line":56,"column":6},"end":{"line":56,"column":null}},"18":{"start":{"line":59,"column":4},"end":{"line":63,"column":null}},"19":{"start":{"line":60,"column":6},"end":{"line":60,"column":null}},"20":{"start":{"line":61,"column":6},"end":{"line":61,"column":null}},"21":{"start":{"line":62,"column":6},"end":{"line":62,"column":null}},"22":{"start":{"line":70,"column":20},"end":{"line":78,"column":null}},"23":{"start":{"line":72,"column":6},"end":{"line":72,"column":null}},"24":{"start":{"line":73,"column":6},"end":{"line":75,"column":null}},"25":{"start":{"line":74,"column":8},"end":{"line":74,"column":null}},"26":{"start":{"line":83,"column":15},"end":{"line":89,"column":null}},"27":{"start":{"line":84,"column":4},"end":{"line":88,"column":null}},"28":{"start":{"line":85,"column":6},"end":{"line":85,"column":null}},"29":{"start":{"line":87,"column":6},"end":{"line":87,"column":null}},"30":{"start":{"line":91,"column":2},"end":{"line":98,"column":null}},"31":{"start":{"line":96,"column":6},"end":{"line":96,"column":null}}},"fnMap":{"0":{"name":"getSocketUrl","decl":{"start":{"line":6,"column":9},"end":{"line":6,"column":39}},"loc":{"start":{"line":6,"column":39},"end":{"line":10,"column":null}},"line":6},"1":{"name":"(anonymous_1)","decl":{"start":{"line":23,"column":13},"end":{"line":23,"column":34}},"loc":{"start":{"line":23,"column":34},"end":{"line":99,"column":null}},"line":23},"2":{"name":"(anonymous_2)","decl":{"start":{"line":27,"column":2},"end":{"line":27,"column":18}},"loc":{"start":{"line":27,"column":18},"end":{"line":64,"column":5}},"line":27},"3":{"name":"(anonymous_3)","decl":{"start":{"line":45,"column":25},"end":{"line":45,"column":42}},"loc":{"start":{"line":45,"column":42},"end":{"line":48,"column":5}},"line":45},"4":{"name":"(anonymous_4)","decl":{"start":{"line":50,"column":25},"end":{"line":50,"column":40}},"loc":{"start":{"line":50,"column":51},"end":{"line":53,"column":5}},"line":50},"5":{"name":"(anonymous_5)","decl":{"start":{"line":55,"column":25},"end":{"line":55,"column":43}},"loc":{"start":{"line":55,"column":51},"end":{"line":57,"column":5}},"line":55},"6":{"name":"(anonymous_6)","decl":{"start":{"line":59,"column":4},"end":{"line":59,"column":17}},"loc":{"start":{"line":59,"column":17},"end":{"line":63,"column":null}},"line":59},"7":{"name":"(anonymous_7)","decl":{"start":{"line":70,"column":20},"end":{"line":70,"column":null}},"loc":{"start":{"line":71,"column":58},"end":{"line":76,"column":null}},"line":71},"8":{"name":"(anonymous_8)","decl":{"start":{"line":73,"column":6},"end":{"line":73,"column":19}},"loc":{"start":{"line":73,"column":19},"end":{"line":75,"column":null}},"line":73},"9":{"name":"(anonymous_9)","decl":{"start":{"line":83,"column":15},"end":{"line":83,"column":28}},"loc":{"start":{"line":83,"column":62},"end":{"line":89,"column":5}},"line":83},"10":{"name":"connected","decl":{"start":{"line":95,"column":8},"end":{"line":95,"column":20}},"loc":{"start":{"line":95,"column":20},"end":{"line":97,"column":null}},"line":95}},"branchMap":{"0":{"loc":{"start":{"line":7,"column":9},"end":{"line":9,"column":null}},"type":"cond-expr","locations":[{"start":{"line":8,"column":7},"end":{"line":8,"column":null}},{"start":{"line":9,"column":6},"end":{"line":9,"column":null}}],"line":7},"1":{"loc":{"start":{"line":7,"column":9},"end":{"line":7,"column":null}},"type":"binary-expr","locations":[{"start":{"line":7,"column":9},"end":{"line":7,"column":48}},{"start":{"line":7,"column":48},"end":{"line":7,"column":null}}],"line":7},"2":{"loc":{"start":{"line":29,"column":4},"end":{"line":32,"column":null}},"type":"if","locations":[{"start":{"line":29,"column":4},"end":{"line":32,"column":null}},{"start":{},"end":{}}],"line":29},"3":{"loc":{"start":{"line":35,"column":6},"end":{"line":35,"column":null}},"type":"cond-expr","locations":[{"start":{"line":35,"column":44},"end":{"line":35,"column":80}},{"start":{"line":35,"column":80},"end":{"line":35,"column":null}}],"line":35},"4":{"loc":{"start":{"line":42,"column":12},"end":{"line":42,"column":null}},"type":"cond-expr","locations":[{"start":{"line":42,"column":20},"end":{"line":42,"column":32}},{"start":{"line":42,"column":32},"end":{"line":42,"column":null}}],"line":42},"5":{"loc":{"start":{"line":84,"column":4},"end":{"line":88,"column":null}},"type":"if","locations":[{"start":{"line":84,"column":4},"end":{"line":88,"column":null}},{"start":{"line":86,"column":11},"end":{"line":88,"column":null}}],"line":84}},"s":{"0":8,"1":2,"2":8,"3":8,"4":8,"5":8,"6":8,"7":0,"8":8,"9":8,"10":8,"11":1,"12":1,"13":8,"14":0,"15":0,"16":8,"17":0,"18":8,"19":8,"20":8,"21":8,"22":8,"23":5,"24":5,"25":2,"26":8,"27":1,"28":1,"29":0,"30":8,"31":1},"f":{"0":8,"1":8,"2":8,"3":1,"4":0,"5":0,"6":8,"7":5,"8":2,"9":1,"10":1},"b":{"0":[8,0],"1":[8,8],"2":[0,8],"3":[8,0],"4":[0,8],"5":[1,0]},"meta":{"lastBranch":6,"lastFunction":11,"lastStatement":32,"seen":{"f:6:9:6:39":0,"s:7:2:9:Infinity":0,"b:8:7:8:Infinity:9:6:9:Infinity":0,"b:7:9:7:48:7:48:7:Infinity":1,"s:23:13:99:Infinity":1,"f:23:13:23:34":1,"s:24:20:24:Infinity":2,"s:25:23:25:Infinity":3,"s:27:2:64:Infinity":4,"f:27:2:27:18":2,"s:28:23:28:Infinity":5,"b:29:4:32:Infinity:undefined:undefined:undefined:undefined":2,"s:29:4:32:Infinity":6,"s:31:6:31:Infinity":7,"s:35:6:35:Infinity":8,"b:35:44:35:80:35:80:35:Infinity":3,"s:37:4:43:Infinity":9,"b:42:20:42:32:42:32:42:Infinity":4,"s:45:4:48:Infinity":10,"f:45:25:45:42":3,"s:46:6:46:Infinity":11,"s:47:6:47:Infinity":12,"s:50:4:53:Infinity":13,"f:50:25:50:40":4,"s:51:6:51:Infinity":14,"s:52:6:52:Infinity":15,"s:55:4:57:Infinity":16,"f:55:25:55:43":5,"s:56:6:56:Infinity":17,"s:59:4:63:Infinity":18,"f:59:4:59:17":6,"s:60:6:60:Infinity":19,"s:61:6:61:Infinity":20,"s:62:6:62:Infinity":21,"s:70:20:78:Infinity":22,"f:70:20:70:Infinity":7,"s:72:6:72:Infinity":23,"s:73:6:75:Infinity":24,"f:73:6:73:19":8,"s:74:8:74:Infinity":25,"s:83:15:89:Infinity":26,"f:83:15:83:28":9,"b:84:4:88:Infinity:86:11:88:Infinity":5,"s:84:4:88:Infinity":27,"s:85:6:85:Infinity":28,"s:87:6:87:Infinity":29,"s:91:2:98:Infinity":30,"f:95:8:95:20":10,"s:96:6:96:Infinity":31},"fnNames":{}}}
,"C:\\Users\\HUAWEI\\Downloads\\fanops\\fanops-unified-main\\src\\lib\\ai-gateway.server.ts": {"path":"C:\\Users\\HUAWEI\\Downloads\\fanops\\fanops-unified-main\\src\\lib\\ai-gateway.server.ts","statementMap":{"0":{"start":{"line":17,"column":22},"end":{"line":22,"column":null}},"1":{"start":{"line":24,"column":24},"end":{"line":29,"column":null}},"2":{"start":{"line":32,"column":2},"end":{"line":34,"column":null}},"3":{"start":{"line":33,"column":4},"end":{"line":33,"column":null}},"4":{"start":{"line":35,"column":2},"end":{"line":37,"column":null}},"5":{"start":{"line":36,"column":4},"end":{"line":36,"column":null}},"6":{"start":{"line":38,"column":2},"end":{"line":40,"column":null}},"7":{"start":{"line":39,"column":4},"end":{"line":39,"column":null}},"8":{"start":{"line":41,"column":2},"end":{"line":43,"column":null}},"9":{"start":{"line":42,"column":4},"end":{"line":42,"column":null}},"10":{"start":{"line":44,"column":2},"end":{"line":46,"column":null}},"11":{"start":{"line":45,"column":4},"end":{"line":45,"column":null}},"12":{"start":{"line":47,"column":2},"end":{"line":49,"column":null}},"13":{"start":{"line":48,"column":4},"end":{"line":48,"column":null}},"14":{"start":{"line":50,"column":2},"end":{"line":52,"column":null}},"15":{"start":{"line":51,"column":4},"end":{"line":51,"column":null}},"16":{"start":{"line":53,"column":2},"end":{"line":55,"column":null}},"17":{"start":{"line":54,"column":4},"end":{"line":54,"column":null}},"18":{"start":{"line":56,"column":2},"end":{"line":58,"column":null}},"19":{"start":{"line":57,"column":4},"end":{"line":57,"column":null}},"20":{"start":{"line":59,"column":2},"end":{"line":61,"column":null}},"21":{"start":{"line":60,"column":4},"end":{"line":60,"column":null}},"22":{"start":{"line":62,"column":2},"end":{"line":62,"column":null}},"23":{"start":{"line":66,"column":15},"end":{"line":66,"column":null}},"24":{"start":{"line":67,"column":2},"end":{"line":69,"column":null}},"25":{"start":{"line":67,"column":33},"end":{"line":67,"column":50}},"26":{"start":{"line":68,"column":4},"end":{"line":68,"column":null}},"27":{"start":{"line":70,"column":2},"end":{"line":72,"column":null}},"28":{"start":{"line":70,"column":35},"end":{"line":70,"column":52}},"29":{"start":{"line":71,"column":4},"end":{"line":71,"column":null}},"30":{"start":{"line":73,"column":2},"end":{"line":73,"column":null}},"31":{"start":{"line":79,"column":21},"end":{"line":79,"column":null}},"32":{"start":{"line":80,"column":21},"end":{"line":80,"column":null}},"33":{"start":{"line":83,"column":14},"end":{"line":108,"column":null}},"34":{"start":{"line":110,"column":2},"end":{"line":113,"column":null}},"35":{"start":{"line":111,"column":17},"end":{"line":111,"column":null}},"36":{"start":{"line":112,"column":4},"end":{"line":112,"column":null}},"37":{"start":{"line":115,"column":15},"end":{"line":115,"column":null}},"38":{"start":{"line":116,"column":18},"end":{"line":116,"column":null}},"39":{"start":{"line":117,"column":17},"end":{"line":117,"column":null}},"40":{"start":{"line":119,"column":2},"end":{"line":126,"column":null}},"41":{"start":{"line":133,"column":14},"end":{"line":133,"column":null}},"42":{"start":{"line":135,"column":2},"end":{"line":141,"column":null}},"43":{"start":{"line":136,"column":4},"end":{"line":139,"column":null}},"44":{"start":{"line":140,"column":4},"end":{"line":140,"column":null}},"45":{"start":{"line":143,"column":2},"end":{"line":151,"column":null}},"46":{"start":{"line":144,"column":4},"end":{"line":144,"column":null}},"47":{"start":{"line":145,"column":19},"end":{"line":145,"column":null}},"48":{"start":{"line":146,"column":4},"end":{"line":146,"column":null}},"49":{"start":{"line":147,"column":4},"end":{"line":147,"column":null}},"50":{"start":{"line":149,"column":4},"end":{"line":149,"column":null}},"51":{"start":{"line":150,"column":4},"end":{"line":150,"column":null}}},"fnMap":{"0":{"name":"buildActionPlan","decl":{"start":{"line":31,"column":9},"end":{"line":31,"column":25}},"loc":{"start":{"line":31,"column":84},"end":{"line":63,"column":null}},"line":31},"1":{"name":"localTriage","decl":{"start":{"line":65,"column":9},"end":{"line":65,"column":21}},"loc":{"start":{"line":65,"column":51},"end":{"line":74,"column":null}},"line":65},"2":{"name":"(anonymous_2)","decl":{"start":{"line":67,"column":20},"end":{"line":67,"column":26}},"loc":{"start":{"line":67,"column":33},"end":{"line":67,"column":50}},"line":67},"3":{"name":"(anonymous_3)","decl":{"start":{"line":70,"column":22},"end":{"line":70,"column":28}},"loc":{"start":{"line":70,"column":35},"end":{"line":70,"column":52}},"line":70},"4":{"name":"groqTriage","decl":{"start":{"line":82,"column":15},"end":{"line":82,"column":26}},"loc":{"start":{"line":82,"column":78},"end":{"line":127,"column":null}},"line":82},"5":{"name":"triageIncidentWithAI","decl":{"start":{"line":132,"column":22},"end":{"line":132,"column":43}},"loc":{"start":{"line":132,"column":82},"end":{"line":152,"column":null}},"line":132}},"branchMap":{"0":{"loc":{"start":{"line":32,"column":2},"end":{"line":34,"column":null}},"type":"if","locations":[{"start":{"line":32,"column":2},"end":{"line":34,"column":null}},{"start":{},"end":{}}],"line":32},"1":{"loc":{"start":{"line":32,"column":6},"end":{"line":32,"column":137}},"type":"binary-expr","locations":[{"start":{"line":32,"column":6},"end":{"line":32,"column":38}},{"start":{"line":32,"column":38},"end":{"line":32,"column":67}},{"start":{"line":32,"column":67},"end":{"line":32,"column":105}},{"start":{"line":32,"column":105},"end":{"line":32,"column":137}}],"line":32},"2":{"loc":{"start":{"line":35,"column":2},"end":{"line":37,"column":null}},"type":"if","locations":[{"start":{"line":35,"column":2},"end":{"line":37,"column":null}},{"start":{},"end":{}}],"line":35},"3":{"loc":{"start":{"line":35,"column":6},"end":{"line":35,"column":85}},"type":"binary-expr","locations":[{"start":{"line":35,"column":6},"end":{"line":35,"column":31}},{"start":{"line":35,"column":31},"end":{"line":35,"column":57}},{"start":{"line":35,"column":57},"end":{"line":35,"column":85}}],"line":35},"4":{"loc":{"start":{"line":38,"column":2},"end":{"line":40,"column":null}},"type":"if","locations":[{"start":{"line":38,"column":2},"end":{"line":40,"column":null}},{"start":{},"end":{}}],"line":38},"5":{"loc":{"start":{"line":38,"column":6},"end":{"line":38,"column":122}},"type":"binary-expr","locations":[{"start":{"line":38,"column":6},"end":{"line":38,"column":37}},{"start":{"line":38,"column":37},"end":{"line":38,"column":72}},{"start":{"line":38,"column":72},"end":{"line":38,"column":99}},{"start":{"line":38,"column":99},"end":{"line":38,"column":122}}],"line":38},"6":{"loc":{"start":{"line":41,"column":2},"end":{"line":43,"column":null}},"type":"if","locations":[{"start":{"line":41,"column":2},"end":{"line":43,"column":null}},{"start":{},"end":{}}],"line":41},"7":{"loc":{"start":{"line":41,"column":6},"end":{"line":41,"column":85}},"type":"binary-expr","locations":[{"start":{"line":41,"column":6},"end":{"line":41,"column":32}},{"start":{"line":41,"column":32},"end":{"line":41,"column":60}},{"start":{"line":41,"column":60},"end":{"line":41,"column":85}}],"line":41},"8":{"loc":{"start":{"line":44,"column":2},"end":{"line":46,"column":null}},"type":"if","locations":[{"start":{"line":44,"column":2},"end":{"line":46,"column":null}},{"start":{},"end":{}}],"line":44},"9":{"loc":{"start":{"line":44,"column":6},"end":{"line":44,"column":60}},"type":"binary-expr","locations":[{"start":{"line":44,"column":6},"end":{"line":44,"column":37}},{"start":{"line":44,"column":37},"end":{"line":44,"column":60}}],"line":44},"10":{"loc":{"start":{"line":47,"column":2},"end":{"line":49,"column":null}},"type":"if","locations":[{"start":{"line":47,"column":2},"end":{"line":49,"column":null}},{"start":{},"end":{}}],"line":47},"11":{"loc":{"start":{"line":47,"column":6},"end":{"line":47,"column":55}},"type":"binary-expr","locations":[{"start":{"line":47,"column":6},"end":{"line":47,"column":32}},{"start":{"line":47,"column":32},"end":{"line":47,"column":55}}],"line":47},"12":{"loc":{"start":{"line":50,"column":2},"end":{"line":52,"column":null}},"type":"if","locations":[{"start":{"line":50,"column":2},"end":{"line":52,"column":null}},{"start":{},"end":{}}],"line":50},"13":{"loc":{"start":{"line":50,"column":6},"end":{"line":50,"column":93}},"type":"binary-expr","locations":[{"start":{"line":50,"column":6},"end":{"line":50,"column":32}},{"start":{"line":50,"column":32},"end":{"line":50,"column":63}},{"start":{"line":50,"column":63},"end":{"line":50,"column":93}}],"line":50},"14":{"loc":{"start":{"line":53,"column":2},"end":{"line":55,"column":null}},"type":"if","locations":[{"start":{"line":53,"column":2},"end":{"line":55,"column":null}},{"start":{},"end":{}}],"line":53},"15":{"loc":{"start":{"line":53,"column":6},"end":{"line":53,"column":85}},"type":"binary-expr","locations":[{"start":{"line":53,"column":6},"end":{"line":53,"column":33}},{"start":{"line":53,"column":33},"end":{"line":53,"column":61}},{"start":{"line":53,"column":61},"end":{"line":53,"column":85}}],"line":53},"16":{"loc":{"start":{"line":56,"column":2},"end":{"line":58,"column":null}},"type":"if","locations":[{"start":{"line":56,"column":2},"end":{"line":58,"column":null}},{"start":{},"end":{}}],"line":56},"17":{"loc":{"start":{"line":59,"column":2},"end":{"line":61,"column":null}},"type":"if","locations":[{"start":{"line":59,"column":2},"end":{"line":61,"column":null}},{"start":{},"end":{}}],"line":59},"18":{"loc":{"start":{"line":67,"column":2},"end":{"line":69,"column":null}},"type":"if","locations":[{"start":{"line":67,"column":2},"end":{"line":69,"column":null}},{"start":{},"end":{}}],"line":67},"19":{"loc":{"start":{"line":70,"column":2},"end":{"line":72,"column":null}},"type":"if","locations":[{"start":{"line":70,"column":2},"end":{"line":72,"column":null}},{"start":{},"end":{}}],"line":70},"20":{"loc":{"start":{"line":110,"column":2},"end":{"line":113,"column":null}},"type":"if","locations":[{"start":{"line":110,"column":2},"end":{"line":113,"column":null}},{"start":{},"end":{}}],"line":110},"21":{"loc":{"start":{"line":116,"column":18},"end":{"line":116,"column":null}},"type":"binary-expr","locations":[{"start":{"line":116,"column":18},"end":{"line":116,"column":57}},{"start":{"line":116,"column":57},"end":{"line":116,"column":null}}],"line":116},"22":{"loc":{"start":{"line":120,"column":15},"end":{"line":122,"column":null}},"type":"cond-expr","locations":[{"start":{"line":121,"column":8},"end":{"line":121,"column":null}},{"start":{"line":122,"column":8},"end":{"line":122,"column":null}}],"line":120},"23":{"loc":{"start":{"line":124,"column":6},"end":{"line":125,"column":null}},"type":"binary-expr","locations":[{"start":{"line":124,"column":6},"end":{"line":124,"column":null}},{"start":{"line":125,"column":6},"end":{"line":125,"column":null}}],"line":124},"24":{"loc":{"start":{"line":135,"column":2},"end":{"line":141,"column":null}},"type":"if","locations":[{"start":{"line":135,"column":2},"end":{"line":141,"column":null}},{"start":{},"end":{}}],"line":135}},"s":{"0":1,"1":1,"2":21,"3":4,"4":17,"5":2,"6":15,"7":2,"8":13,"9":1,"10":12,"11":2,"12":10,"13":2,"14":8,"15":1,"16":7,"17":0,"18":7,"19":0,"20":7,"21":2,"22":5,"23":21,"24":21,"25":340,"26":9,"27":12,"28":136,"29":7,"30":5,"31":1,"32":1,"33":4,"34":3,"35":1,"36":1,"37":2,"38":2,"39":4,"40":4,"41":22,"42":22,"43":18,"44":18,"45":4,"46":4,"47":4,"48":1,"49":1,"50":3,"51":3},"f":{"0":21,"1":21,"2":340,"3":136,"4":4,"5":22},"b":{"0":[4,17],"1":[21,20,19,18],"2":[2,15],"3":[17,17,15],"4":[2,13],"5":[15,14,14,13],"6":[1,12],"7":[13,12,12],"8":[2,10],"9":[12,11],"10":[2,8],"11":[10,8],"12":[1,7],"13":[8,7,7],"14":[0,7],"15":[7,7,7],"16":[0,7],"17":[2,5],"18":[9,12],"19":[7,5],"20":[1,2],"21":[2,0],"22":[1,0],"23":[4,0],"24":[18,4]},"meta":{"lastBranch":25,"lastFunction":6,"lastStatement":52,"seen":{"s:17:22:22:Infinity":0,"s:24:24:29:Infinity":1,"f:31:9:31:25":0,"b:32:2:34:Infinity:undefined:undefined:undefined:undefined":0,"s:32:2:34:Infinity":2,"b:32:6:32:38:32:38:32:67:32:67:32:105:32:105:32:137":1,"s:33:4:33:Infinity":3,"b:35:2:37:Infinity:undefined:undefined:undefined:undefined":2,"s:35:2:37:Infinity":4,"b:35:6:35:31:35:31:35:57:35:57:35:85":3,"s:36:4:36:Infinity":5,"b:38:2:40:Infinity:undefined:undefined:undefined:undefined":4,"s:38:2:40:Infinity":6,"b:38:6:38:37:38:37:38:72:38:72:38:99:38:99:38:122":5,"s:39:4:39:Infinity":7,"b:41:2:43:Infinity:undefined:undefined:undefined:undefined":6,"s:41:2:43:Infinity":8,"b:41:6:41:32:41:32:41:60:41:60:41:85":7,"s:42:4:42:Infinity":9,"b:44:2:46:Infinity:undefined:undefined:undefined:undefined":8,"s:44:2:46:Infinity":10,"b:44:6:44:37:44:37:44:60":9,"s:45:4:45:Infinity":11,"b:47:2:49:Infinity:undefined:undefined:undefined:undefined":10,"s:47:2:49:Infinity":12,"b:47:6:47:32:47:32:47:55":11,"s:48:4:48:Infinity":13,"b:50:2:52:Infinity:undefined:undefined:undefined:undefined":12,"s:50:2:52:Infinity":14,"b:50:6:50:32:50:32:50:63:50:63:50:93":13,"s:51:4:51:Infinity":15,"b:53:2:55:Infinity:undefined:undefined:undefined:undefined":14,"s:53:2:55:Infinity":16,"b:53:6:53:33:53:33:53:61:53:61:53:85":15,"s:54:4:54:Infinity":17,"b:56:2:58:Infinity:undefined:undefined:undefined:undefined":16,"s:56:2:58:Infinity":18,"s:57:4:57:Infinity":19,"b:59:2:61:Infinity:undefined:undefined:undefined:undefined":17,"s:59:2:61:Infinity":20,"s:60:4:60:Infinity":21,"s:62:2:62:Infinity":22,"f:65:9:65:21":1,"s:66:15:66:Infinity":23,"b:67:2:69:Infinity:undefined:undefined:undefined:undefined":18,"s:67:2:69:Infinity":24,"f:67:20:67:26":2,"s:67:33:67:50":25,"s:68:4:68:Infinity":26,"b:70:2:72:Infinity:undefined:undefined:undefined:undefined":19,"s:70:2:72:Infinity":27,"f:70:22:70:28":3,"s:70:35:70:52":28,"s:71:4:71:Infinity":29,"s:73:2:73:Infinity":30,"s:79:21:79:Infinity":31,"s:80:21:80:Infinity":32,"f:82:15:82:26":4,"s:83:14:108:Infinity":33,"b:110:2:113:Infinity:undefined:undefined:undefined:undefined":20,"s:110:2:113:Infinity":34,"s:111:17:111:Infinity":35,"s:112:4:112:Infinity":36,"s:115:15:115:Infinity":37,"s:116:18:116:Infinity":38,"b:116:18:116:57:116:57:116:Infinity":21,"s:117:17:117:Infinity":39,"s:119:2:126:Infinity":40,"b:121:8:121:Infinity:122:8:122:Infinity":22,"b:124:6:124:Infinity:125:6:125:Infinity":23,"f:132:22:132:43":5,"s:133:14:133:Infinity":41,"b:135:2:141:Infinity:undefined:undefined:undefined:undefined":24,"s:135:2:141:Infinity":42,"s:136:4:139:Infinity":43,"s:140:4:140:Infinity":44,"s:143:2:151:Infinity":45,"s:144:4:144:Infinity":46,"s:145:19:145:Infinity":47,"s:146:4:146:Infinity":48,"s:147:4:147:Infinity":49,"s:149:4:149:Infinity":50,"s:150:4:150:Infinity":51},"fnNames":{}}}
,"C:\\Users\\HUAWEI\\Downloads\\fanops\\fanops-unified-main\\src\\lib\\broadcast-store.ts": {"path":"C:\\Users\\HUAWEI\\Downloads\\fanops\\fanops-unified-main\\src\\lib\\broadcast-store.ts","statementMap":{"0":{"start":{"line":4,"column":12},"end":{"line":4,"column":null}},"1":{"start":{"line":5,"column":16},"end":{"line":5,"column":null}},"2":{"start":{"line":8,"column":2},"end":{"line":8,"column":null}},"3":{"start":{"line":8,"column":37},"end":{"line":8,"column":null}},"4":{"start":{"line":9,"column":2},"end":{"line":13,"column":null}},"5":{"start":{"line":10,"column":4},"end":{"line":10,"column":null}},"6":{"start":{"line":12,"column":4},"end":{"line":12,"column":null}},"7":{"start":{"line":17,"column":2},"end":{"line":17,"column":null}},"8":{"start":{"line":21,"column":26},"end":{"line":25,"column":null}},"9":{"start":{"line":26,"column":15},"end":{"line":26,"column":null}},"10":{"start":{"line":27,"column":2},"end":{"line":27,"column":null}},"11":{"start":{"line":28,"column":2},"end":{"line":32,"column":null}},"12":{"start":{"line":29,"column":4},"end":{"line":29,"column":null}},"13":{"start":{"line":34,"column":2},"end":{"line":34,"column":null}},"14":{"start":{"line":35,"column":2},"end":{"line":35,"column":null}},"15":{"start":{"line":39,"column":26},"end":{"line":39,"column":null}},"16":{"start":{"line":40,"column":2},"end":{"line":57,"column":null}},"17":{"start":{"line":41,"column":4},"end":{"line":41,"column":null}},"18":{"start":{"line":42,"column":10},"end":{"line":44,"column":null}},"19":{"start":{"line":43,"column":6},"end":{"line":43,"column":null}},"20":{"start":{"line":43,"column":43},"end":{"line":43,"column":null}},"21":{"start":{"line":45,"column":4},"end":{"line":45,"column":null}},"22":{"start":{"line":46,"column":38},"end":{"line":46,"column":null}},"23":{"start":{"line":47,"column":4},"end":{"line":52,"column":null}},"24":{"start":{"line":48,"column":6},"end":{"line":48,"column":null}},"25":{"start":{"line":49,"column":6},"end":{"line":49,"column":null}},"26":{"start":{"line":49,"column":27},"end":{"line":49,"column":null}},"27":{"start":{"line":53,"column":4},"end":{"line":56,"column":null}},"28":{"start":{"line":54,"column":6},"end":{"line":54,"column":null}},"29":{"start":{"line":55,"column":6},"end":{"line":55,"column":null}},"30":{"start":{"line":58,"column":2},"end":{"line":58,"column":null}},"31":{"start":{"line":62,"column":15},"end":{"line":62,"column":null}},"32":{"start":{"line":63,"column":2},"end":{"line":63,"column":null}}},"fnMap":{"0":{"name":"read","decl":{"start":{"line":7,"column":9},"end":{"line":7,"column":29}},"loc":{"start":{"line":7,"column":29},"end":{"line":14,"column":null}},"line":7},"1":{"name":"write","decl":{"start":{"line":16,"column":9},"end":{"line":16,"column":15}},"loc":{"start":{"line":16,"column":34},"end":{"line":18,"column":null}},"line":16},"2":{"name":"pushBroadcast","decl":{"start":{"line":20,"column":16},"end":{"line":20,"column":30}},"loc":{"start":{"line":20,"column":81},"end":{"line":36,"column":null}},"line":20},"3":{"name":"useBroadcasts","decl":{"start":{"line":38,"column":16},"end":{"line":38,"column":45}},"loc":{"start":{"line":38,"column":45},"end":{"line":59,"column":null}},"line":38},"4":{"name":"(anonymous_4)","decl":{"start":{"line":40,"column":2},"end":{"line":40,"column":18}},"loc":{"start":{"line":40,"column":18},"end":{"line":57,"column":5}},"line":40},"5":{"name":"(anonymous_5)","decl":{"start":{"line":42,"column":10},"end":{"line":42,"column":23}},"loc":{"start":{"line":42,"column":43},"end":{"line":44,"column":null}},"line":42},"6":{"name":"(anonymous_6)","decl":{"start":{"line":49,"column":9},"end":{"line":49,"column":27}},"loc":{"start":{"line":49,"column":27},"end":{"line":49,"column":null}},"line":49},"7":{"name":"(anonymous_7)","decl":{"start":{"line":53,"column":4},"end":{"line":53,"column":17}},"loc":{"start":{"line":53,"column":17},"end":{"line":56,"column":null}},"line":53},"8":{"name":"useLatestBroadcast","decl":{"start":{"line":61,"column":16},"end":{"line":61,"column":55}},"loc":{"start":{"line":61,"column":55},"end":{"line":64,"column":null}},"line":61}},"branchMap":{"0":{"loc":{"start":{"line":8,"column":2},"end":{"line":8,"column":null}},"type":"if","locations":[{"start":{"line":8,"column":2},"end":{"line":8,"column":null}},{"start":{},"end":{}}],"line":8},"1":{"loc":{"start":{"line":10,"column":22},"end":{"line":10,"column":55}},"type":"binary-expr","locations":[{"start":{"line":10,"column":22},"end":{"line":10,"column":51}},{"start":{"line":10,"column":51},"end":{"line":10,"column":55}}],"line":10},"2":{"loc":{"start":{"line":43,"column":6},"end":{"line":43,"column":null}},"type":"if","locations":[{"start":{"line":43,"column":6},"end":{"line":43,"column":null}},{"start":{},"end":{}}],"line":43},"3":{"loc":{"start":{"line":43,"column":10},"end":{"line":43,"column":43}},"type":"binary-expr","locations":[{"start":{"line":43,"column":10},"end":{"line":43,"column":27}},{"start":{"line":43,"column":27},"end":{"line":43,"column":43}}],"line":43},"4":{"loc":{"start":{"line":63,"column":9},"end":{"line":63,"column":null}},"type":"binary-expr","locations":[{"start":{"line":63,"column":9},"end":{"line":63,"column":20}},{"start":{"line":63,"column":20},"end":{"line":63,"column":null}}],"line":63}},"s":{"0":1,"1":1,"2":0,"3":0,"4":0,"5":0,"6":0,"7":0,"8":0,"9":0,"10":0,"11":0,"12":0,"13":0,"14":0,"15":0,"16":0,"17":0,"18":0,"19":0,"20":0,"21":0,"22":0,"23":0,"24":0,"25":0,"26":0,"27":0,"28":0,"29":0,"30":0,"31":0,"32":0},"f":{"0":0,"1":0,"2":0,"3":0,"4":0,"5":0,"6":0,"7":0,"8":0},"b":{"0":[0,0],"1":[0,0],"2":[0,0],"3":[0,0],"4":[0,0]},"meta":{"lastBranch":5,"lastFunction":9,"lastStatement":33,"seen":{"s:4:12:4:Infinity":0,"s:5:16:5:Infinity":1,"f:7:9:7:29":0,"b:8:2:8:Infinity:undefined:undefined:undefined:undefined":0,"s:8:2:8:Infinity":2,"s:8:37:8:Infinity":3,"s:9:2:13:Infinity":4,"s:10:4:10:Infinity":5,"b:10:22:10:51:10:51:10:55":1,"s:12:4:12:Infinity":6,"f:16:9:16:15":1,"s:17:2:17:Infinity":7,"f:20:16:20:30":2,"s:21:26:25:Infinity":8,"s:26:15:26:Infinity":9,"s:27:2:27:Infinity":10,"s:28:2:32:Infinity":11,"s:29:4:29:Infinity":12,"s:34:2:34:Infinity":13,"s:35:2:35:Infinity":14,"f:38:16:38:45":3,"s:39:26:39:Infinity":15,"s:40:2:57:Infinity":16,"f:40:2:40:18":4,"s:41:4:41:Infinity":17,"s:42:10:44:Infinity":18,"f:42:10:42:23":5,"b:43:6:43:Infinity:undefined:undefined:undefined:undefined":2,"s:43:6:43:Infinity":19,"b:43:10:43:27:43:27:43:43":3,"s:43:43:43:Infinity":20,"s:45:4:45:Infinity":21,"s:46:38:46:Infinity":22,"s:47:4:52:Infinity":23,"s:48:6:48:Infinity":24,"s:49:6:49:Infinity":25,"f:49:9:49:27":6,"s:49:27:49:Infinity":26,"s:53:4:56:Infinity":27,"f:53:4:53:17":7,"s:54:6:54:Infinity":28,"s:55:6:55:Infinity":29,"s:58:2:58:Infinity":30,"f:61:16:61:55":8,"s:62:15:62:Infinity":31,"s:63:2:63:Infinity":32,"b:63:9:63:20:63:20:63:Infinity":4},"fnNames":{}}}
,"C:\\Users\\HUAWEI\\Downloads\\fanops\\fanops-unified-main\\src\\lib\\error-capture.ts": {"path":"C:\\Users\\HUAWEI\\Downloads\\fanops\\fanops-unified-main\\src\\lib\\error-capture.ts","statementMap":{"0":{"start":{"line":5,"column":15},"end":{"line":5,"column":null}},"1":{"start":{"line":8,"column":2},"end":{"line":8,"column":null}},"2":{"start":{"line":11,"column":0},"end":{"line":16,"column":null}},"3":{"start":{"line":12,"column":2},"end":{"line":12,"column":null}},"4":{"start":{"line":12,"column":50},"end":{"line":12,"column":94}},"5":{"start":{"line":13,"column":2},"end":{"line":15,"column":null}},"6":{"start":{"line":14,"column":4},"end":{"line":14,"column":null}},"7":{"start":{"line":19,"column":2},"end":{"line":19,"column":null}},"8":{"start":{"line":19,"column":26},"end":{"line":19,"column":null}},"9":{"start":{"line":20,"column":2},"end":{"line":23,"column":null}},"10":{"start":{"line":21,"column":4},"end":{"line":21,"column":null}},"11":{"start":{"line":22,"column":4},"end":{"line":22,"column":null}},"12":{"start":{"line":24,"column":20},"end":{"line":24,"column":null}},"13":{"start":{"line":25,"column":2},"end":{"line":25,"column":null}},"14":{"start":{"line":26,"column":2},"end":{"line":26,"column":null}}},"fnMap":{"0":{"name":"record","decl":{"start":{"line":7,"column":9},"end":{"line":7,"column":16}},"loc":{"start":{"line":7,"column":32},"end":{"line":9,"column":null}},"line":7},"1":{"name":"(anonymous_1)","decl":{"start":{"line":12,"column":30},"end":{"line":12,"column":40}},"loc":{"start":{"line":12,"column":50},"end":{"line":12,"column":94}},"line":12},"2":{"name":"(anonymous_2)","decl":{"start":{"line":13,"column":30},"end":{"line":13,"column":53}},"loc":{"start":{"line":14,"column":4},"end":{"line":14,"column":null}},"line":14},"3":{"name":"consumeLastCapturedError","decl":{"start":{"line":18,"column":16},"end":{"line":18,"column":52}},"loc":{"start":{"line":18,"column":52},"end":{"line":27,"column":null}},"line":18}},"branchMap":{"0":{"loc":{"start":{"line":11,"column":0},"end":{"line":16,"column":null}},"type":"if","locations":[{"start":{"line":11,"column":0},"end":{"line":16,"column":null}},{"start":{},"end":{}}],"line":11},"1":{"loc":{"start":{"line":12,"column":58},"end":{"line":12,"column":93}},"type":"binary-expr","locations":[{"start":{"line":12,"column":58},"end":{"line":12,"column":88}},{"start":{"line":12,"column":88},"end":{"line":12,"column":93}}],"line":12},"2":{"loc":{"start":{"line":19,"column":2},"end":{"line":19,"column":null}},"type":"if","locations":[{"start":{"line":19,"column":2},"end":{"line":19,"column":null}},{"start":{},"end":{}}],"line":19},"3":{"loc":{"start":{"line":20,"column":2},"end":{"line":23,"column":null}},"type":"if","locations":[{"start":{"line":20,"column":2},"end":{"line":23,"column":null}},{"start":{},"end":{}}],"line":20}},"s":{"0":0,"1":0,"2":0,"3":0,"4":0,"5":0,"6":0,"7":0,"8":0,"9":0,"10":0,"11":0,"12":0,"13":0,"14":0},"f":{"0":0,"1":0,"2":0,"3":0},"b":{"0":[0,0],"1":[0,0],"2":[0,0],"3":[0,0]},"meta":{"lastBranch":4,"lastFunction":4,"lastStatement":15,"seen":{"s:5:15:5:Infinity":0,"f:7:9:7:16":0,"s:8:2:8:Infinity":1,"b:11:0:16:Infinity:undefined:undefined:undefined:undefined":0,"s:11:0:16:Infinity":2,"s:12:2:12:Infinity":3,"f:12:30:12:40":1,"s:12:50:12:94":4,"b:12:58:12:88:12:88:12:93":1,"s:13:2:15:Infinity":5,"f:13:30:13:53":2,"s:14:4:14:Infinity":6,"f:18:16:18:52":3,"b:19:2:19:Infinity:undefined:undefined:undefined:undefined":2,"s:19:2:19:Infinity":7,"s:19:26:19:Infinity":8,"b:20:2:23:Infinity:undefined:undefined:undefined:undefined":3,"s:20:2:23:Infinity":9,"s:21:4:21:Infinity":10,"s:22:4:22:Infinity":11,"s:24:20:24:Infinity":12,"s:25:2:25:Infinity":13,"s:26:2:26:Infinity":14},"fnNames":{}}}
,"C:\\Users\\HUAWEI\\Downloads\\fanops\\fanops-unified-main\\src\\lib\\error-page.ts": {"path":"C:\\Users\\HUAWEI\\Downloads\\fanops\\fanops-unified-main\\src\\lib\\error-page.ts","statementMap":{"0":{"start":{"line":2,"column":2},"end":{"line":2,"column":null}}},"fnMap":{"0":{"name":"renderErrorPage","decl":{"start":{"line":1,"column":16},"end":{"line":1,"column":42}},"loc":{"start":{"line":1,"column":42},"end":{"line":30,"column":null}},"line":1}},"branchMap":{},"s":{"0":0},"f":{"0":0},"b":{},"meta":{"lastBranch":0,"lastFunction":1,"lastStatement":1,"seen":{"f:1:16:1:42":0,"s:2:2:2:Infinity":0},"fnNames":{}}}
,"C:\\Users\\HUAWEI\\Downloads\\fanops\\fanops-unified-main\\src\\lib\\lovable-error-reporting.ts": {"path":"C:\\Users\\HUAWEI\\Downloads\\fanops\\fanops-unified-main\\src\\lib\\lovable-error-reporting.ts","statementMap":{"0":{"start":{"line":22,"column":2},"end":{"line":22,"column":null}},"1":{"start":{"line":22,"column":37},"end":{"line":22,"column":null}},"2":{"start":{"line":23,"column":2},"end":{"line":35,"column":null}}},"fnMap":{"0":{"name":"reportLovableError","decl":{"start":{"line":21,"column":16},"end":{"line":21,"column":35}},"loc":{"start":{"line":21,"column":90},"end":{"line":36,"column":null}},"line":21}},"branchMap":{"0":{"loc":{"start":{"line":21,"column":51},"end":{"line":21,"column":90}},"type":"default-arg","locations":[{"start":{"line":21,"column":86},"end":{"line":21,"column":90}}],"line":21},"1":{"loc":{"start":{"line":22,"column":2},"end":{"line":22,"column":null}},"type":"if","locations":[{"start":{"line":22,"column":2},"end":{"line":22,"column":null}},{"start":{},"end":{}}],"line":22}},"s":{"0":0,"1":0,"2":0},"f":{"0":0},"b":{"0":[0],"1":[0,0]},"meta":{"lastBranch":2,"lastFunction":1,"lastStatement":3,"seen":{"f:21:16:21:35":0,"b:21:86:21:90":0,"b:22:2:22:Infinity:undefined:undefined:undefined:undefined":1,"s:22:2:22:Infinity":0,"s:22:37:22:Infinity":1,"s:23:2:35:Infinity":2},"fnNames":{}}}
,"C:\\Users\\HUAWEI\\Downloads\\fanops\\fanops-unified-main\\src\\lib\\mock-data.ts": {"path":"C:\\Users\\HUAWEI\\Downloads\\fanops\\fanops-unified-main\\src\\lib\\mock-data.ts","statementMap":{"0":{"start":{"line":32,"column":29},"end":{"line":41,"column":null}},"1":{"start":{"line":43,"column":45},"end":{"line":82,"column":null}},"2":{"start":{"line":84,"column":31},"end":{"line":89,"column":null}},"3":{"start":{"line":84,"column":73},"end":{"line":89,"column":2}},"4":{"start":{"line":92,"column":2},"end":{"line":96,"column":null}}},"fnMap":{"0":{"name":"(anonymous_0)","decl":{"start":{"line":84,"column":58},"end":{"line":84,"column":63}},"loc":{"start":{"line":84,"column":73},"end":{"line":89,"column":2}},"line":84},"1":{"name":"densityColor","decl":{"start":{"line":91,"column":16},"end":{"line":91,"column":29}},"loc":{"start":{"line":91,"column":50},"end":{"line":97,"column":null}},"line":91}},"branchMap":{"0":{"loc":{"start":{"line":85,"column":62},"end":{"line":85,"column":null}},"type":"cond-expr","locations":[{"start":{"line":85,"column":76},"end":{"line":85,"column":83}},{"start":{"line":85,"column":83},"end":{"line":85,"column":null}}],"line":85},"1":{"loc":{"start":{"line":92,"column":9},"end":{"line":96,"column":null}},"type":"cond-expr","locations":[{"start":{"line":93,"column":6},"end":{"line":93,"column":null}},{"start":{"line":94,"column":6},"end":{"line":96,"column":null}}],"line":92},"2":{"loc":{"start":{"line":94,"column":6},"end":{"line":96,"column":null}},"type":"cond-expr","locations":[{"start":{"line":95,"column":8},"end":{"line":95,"column":null}},{"start":{"line":96,"column":8},"end":{"line":96,"column":null}}],"line":94}},"s":{"0":4,"1":4,"2":4,"3":48,"4":110},"f":{"0":48,"1":110},"b":{"0":[24,24],"1":[28,82],"2":[54,28]},"meta":{"lastBranch":3,"lastFunction":2,"lastStatement":5,"seen":{"s:32:29:41:Infinity":0,"s:43:45:82:Infinity":1,"s:84:31:89:Infinity":2,"f:84:58:84:63":0,"s:84:73:89:2":3,"b:85:76:85:83:85:83:85:Infinity":0,"f:91:16:91:29":1,"s:92:2:96:Infinity":4,"b:93:6:93:Infinity:94:6:96:Infinity":1,"b:95:8:95:Infinity:96:8:96:Infinity":2},"fnNames":{}}}
,"C:\\Users\\HUAWEI\\Downloads\\fanops\\fanops-unified-main\\src\\lib\\ops.functions.ts": {"path":"C:\\Users\\HUAWEI\\Downloads\\fanops\\fanops-unified-main\\src\\lib\\ops.functions.ts","statementMap":{"0":{"start":{"line":28,"column":30},"end":{"line":125,"column":null}},"1":{"start":{"line":30,"column":4},"end":{"line":36,"column":null}},"2":{"start":{"line":39,"column":73},"end":{"line":39,"column":null}},"3":{"start":{"line":40,"column":16},"end":{"line":40,"column":null}},"4":{"start":{"line":43,"column":4},"end":{"line":69,"column":null}},"5":{"start":{"line":44,"column":6},"end":{"line":44,"column":null}},"6":{"start":{"line":45,"column":32},"end":{"line":57,"column":null}},"7":{"start":{"line":58,"column":24},"end":{"line":58,"column":null}},"8":{"start":{"line":58,"column":46},"end":{"line":58,"column":63}},"9":{"start":{"line":59,"column":22},"end":{"line":59,"column":null}},"10":{"start":{"line":60,"column":25},"end":{"line":60,"column":null}},"11":{"start":{"line":62,"column":30},"end":{"line":62,"column":null}},"12":{"start":{"line":63,"column":6},"end":{"line":63,"column":null}},"13":{"start":{"line":63,"column":22},"end":{"line":63,"column":null}},"14":{"start":{"line":64,"column":6},"end":{"line":64,"column":null}},"15":{"start":{"line":64,"column":24},"end":{"line":64,"column":null}},"16":{"start":{"line":65,"column":6},"end":{"line":65,"column":null}},"17":{"start":{"line":65,"column":22},"end":{"line":65,"column":null}},"18":{"start":{"line":66,"column":6},"end":{"line":66,"column":null}},"19":{"start":{"line":66,"column":25},"end":{"line":66,"column":null}},"20":{"start":{"line":68,"column":6},"end":{"line":68,"column":null}},"21":{"start":{"line":71,"column":4},"end":{"line":124,"column":null}},"22":{"start":{"line":72,"column":18},"end":{"line":99,"column":null}},"23":{"start":{"line":101,"column":6},"end":{"line":103,"column":null}},"24":{"start":{"line":102,"column":8},"end":{"line":102,"column":null}},"25":{"start":{"line":105,"column":19},"end":{"line":105,"column":null}},"26":{"start":{"line":106,"column":22},"end":{"line":106,"column":null}},"27":{"start":{"line":107,"column":21},"end":{"line":107,"column":null}},"28":{"start":{"line":110,"column":6},"end":{"line":110,"column":null}},"29":{"start":{"line":110,"column":54},"end":{"line":110,"column":null}},"30":{"start":{"line":111,"column":6},"end":{"line":111,"column":null}},"31":{"start":{"line":113,"column":6},"end":{"line":113,"column":null}},"32":{"start":{"line":115,"column":6},"end":{"line":123,"column":null}},"33":{"start":{"line":131,"column":30},"end":{"line":140,"column":null}},"34":{"start":{"line":133,"column":4},"end":{"line":135,"column":null}},"35":{"start":{"line":138,"column":37},"end":{"line":138,"column":null}},"36":{"start":{"line":139,"column":4},"end":{"line":139,"column":null}},"37":{"start":{"line":148,"column":32},"end":{"line":199,"column":null}},"38":{"start":{"line":150,"column":4},"end":{"line":154,"column":null}},"39":{"start":{"line":157,"column":16},"end":{"line":157,"column":null}},"40":{"start":{"line":158,"column":4},"end":{"line":160,"column":null}},"41":{"start":{"line":159,"column":6},"end":{"line":159,"column":null}},"42":{"start":{"line":162,"column":32},"end":{"line":164,"column":null}},"43":{"start":{"line":166,"column":16},"end":{"line":190,"column":null}},"44":{"start":{"line":192,"column":4},"end":{"line":194,"column":null}},"45":{"start":{"line":193,"column":6},"end":{"line":193,"column":null}},"46":{"start":{"line":196,"column":17},"end":{"line":196,"column":null}},"47":{"start":{"line":197,"column":19},"end":{"line":197,"column":null}},"48":{"start":{"line":198,"column":4},"end":{"line":198,"column":null}}},"fnMap":{"0":{"name":"(anonymous_0)","decl":{"start":{"line":29,"column":3},"end":{"line":29,"column":14}},"loc":{"start":{"line":29,"column":32},"end":{"line":37,"column":3}},"line":29},"1":{"name":"(anonymous_1)","decl":{"start":{"line":38,"column":11},"end":{"line":38,"column":18}},"loc":{"start":{"line":38,"column":53},"end":{"line":125,"column":3}},"line":38},"2":{"name":"(anonymous_2)","decl":{"start":{"line":58,"column":29},"end":{"line":58,"column":37}},"loc":{"start":{"line":58,"column":46},"end":{"line":58,"column":63}},"line":58},"3":{"name":"(anonymous_3)","decl":{"start":{"line":132,"column":3},"end":{"line":132,"column":14}},"loc":{"start":{"line":132,"column":32},"end":{"line":136,"column":3}},"line":132},"4":{"name":"(anonymous_4)","decl":{"start":{"line":137,"column":11},"end":{"line":137,"column":18}},"loc":{"start":{"line":137,"column":31},"end":{"line":140,"column":3}},"line":137},"5":{"name":"(anonymous_5)","decl":{"start":{"line":149,"column":3},"end":{"line":149,"column":14}},"loc":{"start":{"line":149,"column":32},"end":{"line":155,"column":3}},"line":149},"6":{"name":"(anonymous_6)","decl":{"start":{"line":156,"column":11},"end":{"line":156,"column":18}},"loc":{"start":{"line":156,"column":60},"end":{"line":199,"column":3}},"line":156}},"branchMap":{"0":{"loc":{"start":{"line":43,"column":4},"end":{"line":69,"column":null}},"type":"if","locations":[{"start":{"line":43,"column":4},"end":{"line":69,"column":null}},{"start":{},"end":{}}],"line":43},"1":{"loc":{"start":{"line":46,"column":31},"end":{"line":46,"column":56}},"type":"binary-expr","locations":[{"start":{"line":46,"column":31},"end":{"line":46,"column":40}},{"start":{"line":46,"column":40},"end":{"line":46,"column":56}}],"line":46},"2":{"loc":{"start":{"line":48,"column":8},"end":{"line":50,"column":null}},"type":"cond-expr","locations":[{"start":{"line":49,"column":12},"end":{"line":49,"column":null}},{"start":{"line":50,"column":12},"end":{"line":50,"column":null}}],"line":48},"3":{"loc":{"start":{"line":53,"column":36},"end":{"line":53,"column":null}},"type":"binary-expr","locations":[{"start":{"line":53,"column":36},"end":{"line":53,"column":51}},{"start":{"line":53,"column":51},"end":{"line":53,"column":null}}],"line":53},"4":{"loc":{"start":{"line":59,"column":22},"end":{"line":59,"column":null}},"type":"cond-expr","locations":[{"start":{"line":59,"column":35},"end":{"line":59,"column":41}},{"start":{"line":59,"column":41},"end":{"line":59,"column":null}}],"line":59},"5":{"loc":{"start":{"line":63,"column":6},"end":{"line":63,"column":null}},"type":"if","locations":[{"start":{"line":63,"column":6},"end":{"line":63,"column":null}},{"start":{},"end":{}}],"line":63},"6":{"loc":{"start":{"line":64,"column":6},"end":{"line":64,"column":null}},"type":"if","locations":[{"start":{"line":64,"column":6},"end":{"line":64,"column":null}},{"start":{},"end":{}}],"line":64},"7":{"loc":{"start":{"line":65,"column":6},"end":{"line":65,"column":null}},"type":"if","locations":[{"start":{"line":65,"column":6},"end":{"line":65,"column":null}},{"start":{},"end":{}}],"line":65},"8":{"loc":{"start":{"line":66,"column":6},"end":{"line":66,"column":null}},"type":"if","locations":[{"start":{"line":66,"column":6},"end":{"line":66,"column":null}},{"start":{},"end":{}}],"line":66},"9":{"loc":{"start":{"line":101,"column":6},"end":{"line":103,"column":null}},"type":"if","locations":[{"start":{"line":101,"column":6},"end":{"line":103,"column":null}},{"start":{},"end":{}}],"line":101},"10":{"loc":{"start":{"line":106,"column":22},"end":{"line":106,"column":null}},"type":"binary-expr","locations":[{"start":{"line":106,"column":22},"end":{"line":106,"column":61}},{"start":{"line":106,"column":61},"end":{"line":106,"column":null}}],"line":106},"11":{"loc":{"start":{"line":110,"column":6},"end":{"line":110,"column":null}},"type":"if","locations":[{"start":{"line":110,"column":6},"end":{"line":110,"column":null}},{"start":{},"end":{}}],"line":110},"12":{"loc":{"start":{"line":110,"column":10},"end":{"line":110,"column":54}},"type":"binary-expr","locations":[{"start":{"line":110,"column":10},"end":{"line":110,"column":27}},{"start":{"line":110,"column":27},"end":{"line":110,"column":54}}],"line":110},"13":{"loc":{"start":{"line":158,"column":4},"end":{"line":160,"column":null}},"type":"if","locations":[{"start":{"line":158,"column":4},"end":{"line":160,"column":null}},{"start":{},"end":{}}],"line":158},"14":{"loc":{"start":{"line":162,"column":32},"end":{"line":164,"column":null}},"type":"cond-expr","locations":[{"start":{"line":163,"column":8},"end":{"line":163,"column":null}},{"start":{"line":164,"column":8},"end":{"line":164,"column":null}}],"line":162},"15":{"loc":{"start":{"line":162,"column":32},"end":{"line":162,"column":null}},"type":"binary-expr","locations":[{"start":{"line":162,"column":32},"end":{"line":162,"column":45}},{"start":{"line":162,"column":45},"end":{"line":162,"column":null}}],"line":162},"16":{"loc":{"start":{"line":192,"column":4},"end":{"line":194,"column":null}},"type":"if","locations":[{"start":{"line":192,"column":4},"end":{"line":194,"column":null}},{"start":{},"end":{}}],"line":192},"17":{"loc":{"start":{"line":197,"column":19},"end":{"line":197,"column":null}},"type":"binary-expr","locations":[{"start":{"line":197,"column":19},"end":{"line":197,"column":66}},{"start":{"line":197,"column":66},"end":{"line":197,"column":null}}],"line":197}},"s":{"0":3,"1":0,"2":0,"3":0,"4":0,"5":0,"6":0,"7":0,"8":0,"9":0,"10":0,"11":0,"12":0,"13":0,"14":0,"15":0,"16":0,"17":0,"18":0,"19":0,"20":0,"21":0,"22":0,"23":0,"24":0,"25":0,"26":0,"27":0,"28":0,"29":0,"30":0,"31":0,"32":0,"33":3,"34":0,"35":0,"36":0,"37":3,"38":0,"39":0,"40":0,"41":0,"42":0,"43":0,"44":0,"45":0,"46":0,"47":0,"48":0},"f":{"0":0,"1":0,"2":0,"3":0,"4":0,"5":0,"6":0},"b":{"0":[0,0],"1":[0,0],"2":[0,0],"3":[0,0],"4":[0,0],"5":[0,0],"6":[0,0],"7":[0,0],"8":[0,0],"9":[0,0],"10":[0,0],"11":[0,0],"12":[0,0],"13":[0,0],"14":[0,0],"15":[0,0],"16":[0,0],"17":[0,0]},"meta":{"lastBranch":18,"lastFunction":7,"lastStatement":49,"seen":{"s:28:30:125:Infinity":0,"f:29:3:29:14":0,"s:30:4:36:Infinity":1,"f:38:11:38:18":1,"s:39:73:39:Infinity":2,"s:40:16:40:Infinity":3,"b:43:4:69:Infinity:undefined:undefined:undefined:undefined":0,"s:43:4:69:Infinity":4,"s:44:6:44:Infinity":5,"s:45:32:57:Infinity":6,"b:46:31:46:40:46:40:46:56":1,"b:49:12:49:Infinity:50:12:50:Infinity":2,"b:53:36:53:51:53:51:53:Infinity":3,"s:58:24:58:Infinity":7,"f:58:29:58:37":2,"s:58:46:58:63":8,"s:59:22:59:Infinity":9,"b:59:35:59:41:59:41:59:Infinity":4,"s:60:25:60:Infinity":10,"s:62:30:62:Infinity":11,"b:63:6:63:Infinity:undefined:undefined:undefined:undefined":5,"s:63:6:63:Infinity":12,"s:63:22:63:Infinity":13,"b:64:6:64:Infinity:undefined:undefined:undefined:undefined":6,"s:64:6:64:Infinity":14,"s:64:24:64:Infinity":15,"b:65:6:65:Infinity:undefined:undefined:undefined:undefined":7,"s:65:6:65:Infinity":16,"s:65:22:65:Infinity":17,"b:66:6:66:Infinity:undefined:undefined:undefined:undefined":8,"s:66:6:66:Infinity":18,"s:66:25:66:Infinity":19,"s:68:6:68:Infinity":20,"s:71:4:124:Infinity":21,"s:72:18:99:Infinity":22,"b:101:6:103:Infinity:undefined:undefined:undefined:undefined":9,"s:101:6:103:Infinity":23,"s:102:8:102:Infinity":24,"s:105:19:105:Infinity":25,"s:106:22:106:Infinity":26,"b:106:22:106:61:106:61:106:Infinity":10,"s:107:21:107:Infinity":27,"b:110:6:110:Infinity:undefined:undefined:undefined:undefined":11,"s:110:6:110:Infinity":28,"b:110:10:110:27:110:27:110:54":12,"s:110:54:110:Infinity":29,"s:111:6:111:Infinity":30,"s:113:6:113:Infinity":31,"s:115:6:123:Infinity":32,"s:131:30:140:Infinity":33,"f:132:3:132:14":3,"s:133:4:135:Infinity":34,"f:137:11:137:18":4,"s:138:37:138:Infinity":35,"s:139:4:139:Infinity":36,"s:148:32:199:Infinity":37,"f:149:3:149:14":5,"s:150:4:154:Infinity":38,"f:156:11:156:18":6,"s:157:16:157:Infinity":39,"b:158:4:160:Infinity:undefined:undefined:undefined:undefined":13,"s:158:4:160:Infinity":40,"s:159:6:159:Infinity":41,"s:162:32:164:Infinity":42,"b:163:8:163:Infinity:164:8:164:Infinity":14,"b:162:32:162:45:162:45:162:Infinity":15,"s:166:16:190:Infinity":43,"b:192:4:194:Infinity:undefined:undefined:undefined:undefined":16,"s:192:4:194:Infinity":44,"s:193:6:193:Infinity":45,"s:196:17:196:Infinity":46,"s:197:19:197:Infinity":47,"b:197:19:197:66:197:66:197:Infinity":17,"s:198:4:198:Infinity":48},"fnNames":{}}}
,"C:\\Users\\HUAWEI\\Downloads\\fanops\\fanops-unified-main\\src\\lib\\utils.ts": {"path":"C:\\Users\\HUAWEI\\Downloads\\fanops\\fanops-unified-main\\src\\lib\\utils.ts","statementMap":{"0":{"start":{"line":5,"column":2},"end":{"line":5,"column":null}}},"fnMap":{"0":{"name":"cn","decl":{"start":{"line":4,"column":16},"end":{"line":4,"column":19}},"loc":{"start":{"line":4,"column":44},"end":{"line":6,"column":null}},"line":4}},"branchMap":{},"s":{"0":0},"f":{"0":0},"b":{},"meta":{"lastBranch":0,"lastFunction":1,"lastStatement":1,"seen":{"f:4:16:4:19":0,"s:5:2:5:Infinity":0},"fnNames":{}}}
,"C:\\Users\\HUAWEI\\Downloads\\fanops\\fanops-unified-main\\src\\lib\\middleware\\auth.ts": {"path":"C:\\Users\\HUAWEI\\Downloads\\fanops\\fanops-unified-main\\src\\lib\\middleware\\auth.ts","statementMap":{"0":{"start":{"line":15,"column":13},"end":{"line":47,"column":null}},"1":{"start":{"line":20,"column":2},"end":{"line":46,"column":null}},"2":{"start":{"line":21,"column":23},"end":{"line":21,"column":null}},"3":{"start":{"line":22,"column":4},"end":{"line":24,"column":null}},"4":{"start":{"line":23,"column":6},"end":{"line":23,"column":null}},"5":{"start":{"line":26,"column":18},"end":{"line":26,"column":null}},"6":{"start":{"line":27,"column":19},"end":{"line":27,"column":null}},"7":{"start":{"line":28,"column":4},"end":{"line":30,"column":null}},"8":{"start":{"line":29,"column":6},"end":{"line":29,"column":null}},"9":{"start":{"line":32,"column":20},"end":{"line":32,"column":null}},"10":{"start":{"line":38,"column":4},"end":{"line":38,"column":null}},"11":{"start":{"line":39,"column":4},"end":{"line":39,"column":null}},"12":{"start":{"line":40,"column":4},"end":{"line":40,"column":null}},"13":{"start":{"line":42,"column":4},"end":{"line":42,"column":null}},"14":{"start":{"line":44,"column":4},"end":{"line":44,"column":null}},"15":{"start":{"line":44,"column":35},"end":{"line":44,"column":null}},"16":{"start":{"line":45,"column":4},"end":{"line":45,"column":null}},"17":{"start":{"line":52,"column":13},"end":{"line":59,"column":null}},"18":{"start":{"line":53,"column":2},"end":{"line":58,"column":null}},"19":{"start":{"line":54,"column":4},"end":{"line":56,"column":null}},"20":{"start":{"line":55,"column":6},"end":{"line":55,"column":null}},"21":{"start":{"line":57,"column":4},"end":{"line":57,"column":null}}},"fnMap":{"0":{"name":"(anonymous_0)","decl":{"start":{"line":15,"column":13},"end":{"line":15,"column":null}},"loc":{"start":{"line":19,"column":5},"end":{"line":47,"column":null}},"line":19},"1":{"name":"(anonymous_1)","decl":{"start":{"line":52,"column":13},"end":{"line":52,"column":26}},"loc":{"start":{"line":52,"column":53},"end":{"line":59,"column":null}},"line":52},"2":{"name":"(anonymous_2)","decl":{"start":{"line":53,"column":2},"end":{"line":53,"column":10}},"loc":{"start":{"line":53,"column":67},"end":{"line":58,"column":null}},"line":53}},"branchMap":{"0":{"loc":{"start":{"line":22,"column":4},"end":{"line":24,"column":null}},"type":"if","locations":[{"start":{"line":22,"column":4},"end":{"line":24,"column":null}},{"start":{},"end":{}}],"line":22},"1":{"loc":{"start":{"line":28,"column":4},"end":{"line":30,"column":null}},"type":"if","locations":[{"start":{"line":28,"column":4},"end":{"line":30,"column":null}},{"start":{},"end":{}}],"line":28},"2":{"loc":{"start":{"line":44,"column":4},"end":{"line":44,"column":null}},"type":"if","locations":[{"start":{"line":44,"column":4},"end":{"line":44,"column":null}},{"start":{},"end":{}}],"line":44},"3":{"loc":{"start":{"line":54,"column":4},"end":{"line":56,"column":null}},"type":"if","locations":[{"start":{"line":54,"column":4},"end":{"line":56,"column":null}},{"start":{},"end":{}}],"line":54},"4":{"loc":{"start":{"line":54,"column":8},"end":{"line":54,"column":63}},"type":"binary-expr","locations":[{"start":{"line":54,"column":8},"end":{"line":54,"column":25}},{"start":{"line":54,"column":25},"end":{"line":54,"column":63}}],"line":54}},"s":{"0":0,"1":0,"2":0,"3":0,"4":0,"5":0,"6":0,"7":0,"8":0,"9":0,"10":0,"11":0,"12":0,"13":0,"14":0,"15":0,"16":0,"17":0,"18":0,"19":0,"20":0,"21":0},"f":{"0":0,"1":0,"2":0},"b":{"0":[0,0],"1":[0,0],"2":[0,0],"3":[0,0],"4":[0,0]},"meta":{"lastBranch":5,"lastFunction":3,"lastStatement":22,"seen":{"s:15:13:47:Infinity":0,"f:15:13:15:Infinity":0,"s:20:2:46:Infinity":1,"s:21:23:21:Infinity":2,"b:22:4:24:Infinity:undefined:undefined:undefined:undefined":0,"s:22:4:24:Infinity":3,"s:23:6:23:Infinity":4,"s:26:18:26:Infinity":5,"s:27:19:27:Infinity":6,"b:28:4:30:Infinity:undefined:undefined:undefined:undefined":1,"s:28:4:30:Infinity":7,"s:29:6:29:Infinity":8,"s:32:20:32:Infinity":9,"s:38:4:38:Infinity":10,"s:39:4:39:Infinity":11,"s:40:4:40:Infinity":12,"s:42:4:42:Infinity":13,"b:44:4:44:Infinity:undefined:undefined:undefined:undefined":2,"s:44:4:44:Infinity":14,"s:44:35:44:Infinity":15,"s:45:4:45:Infinity":16,"s:52:13:59:Infinity":17,"f:52:13:52:26":1,"s:53:2:58:Infinity":18,"f:53:2:53:10":2,"b:54:4:56:Infinity:undefined:undefined:undefined:undefined":3,"s:54:4:56:Infinity":19,"b:54:8:54:25:54:25:54:63":4,"s:55:6:55:Infinity":20,"s:57:4:57:Infinity":21},"fnNames":{}}}
,"C:\\Users\\HUAWEI\\Downloads\\fanops\\fanops-unified-main\\src\\lib\\middleware\\errorHandler.ts": {"path":"C:\\Users\\HUAWEI\\Downloads\\fanops\\fanops-unified-main\\src\\lib\\middleware\\errorHandler.ts","statementMap":{"0":{"start":{"line":11,"column":4},"end":{"line":11,"column":null}},"1":{"start":{"line":12,"column":4},"end":{"line":12,"column":null}},"2":{"start":{"line":13,"column":4},"end":{"line":13,"column":null}},"3":{"start":{"line":14,"column":4},"end":{"line":14,"column":null}},"4":{"start":{"line":15,"column":4},"end":{"line":15,"column":null}},"5":{"start":{"line":22,"column":13},"end":{"line":26,"column":null}},"6":{"start":{"line":23,"column":3},"end":{"line":26,"column":null}},"7":{"start":{"line":25,"column":4},"end":{"line":25,"column":null}},"8":{"start":{"line":32,"column":13},"end":{"line":52,"column":null}},"9":{"start":{"line":38,"column":2},"end":{"line":43,"column":null}},"10":{"start":{"line":39,"column":4},"end":{"line":42,"column":null}},"11":{"start":{"line":46,"column":2},"end":{"line":46,"column":null}},"12":{"start":{"line":48,"column":2},"end":{"line":51,"column":null}}},"fnMap":{"0":{"name":"constructor","decl":{"start":{"line":10,"column":2},"end":{"line":10,"column":14}},"loc":{"start":{"line":10,"column":73},"end":{"line":16,"column":null}},"line":10},"1":{"name":"(anonymous_1)","decl":{"start":{"line":22,"column":13},"end":{"line":22,"column":null}},"loc":{"start":{"line":23,"column":3},"end":{"line":26,"column":null}},"line":23},"2":{"name":"(anonymous_2)","decl":{"start":{"line":23,"column":3},"end":{"line":23,"column":null}},"loc":{"start":{"line":24,"column":55},"end":{"line":26,"column":null}},"line":24},"3":{"name":"(anonymous_3)","decl":{"start":{"line":32,"column":13},"end":{"line":32,"column":null}},"loc":{"start":{"line":37,"column":5},"end":{"line":52,"column":null}},"line":37}},"branchMap":{"0":{"loc":{"start":{"line":10,"column":51},"end":{"line":10,"column":73}},"type":"default-arg","locations":[{"start":{"line":10,"column":67},"end":{"line":10,"column":73}}],"line":10},"1":{"loc":{"start":{"line":38,"column":2},"end":{"line":43,"column":null}},"type":"if","locations":[{"start":{"line":38,"column":2},"end":{"line":43,"column":null}},{"start":{},"end":{}}],"line":38}},"s":{"0":0,"1":0,"2":0,"3":0,"4":0,"5":0,"6":0,"7":0,"8":0,"9":0,"10":0,"11":0,"12":0},"f":{"0":0,"1":0,"2":0,"3":0},"b":{"0":[0],"1":[0,0]},"meta":{"lastBranch":2,"lastFunction":4,"lastStatement":13,"seen":{"f:10:2:10:14":0,"b:10:67:10:73":0,"s:11:4:11:Infinity":0,"s:12:4:12:Infinity":1,"s:13:4:13:Infinity":2,"s:14:4:14:Infinity":3,"s:15:4:15:Infinity":4,"s:22:13:26:Infinity":5,"f:22:13:22:Infinity":1,"s:23:3:26:Infinity":6,"f:23:3:23:Infinity":2,"s:25:4:25:Infinity":7,"s:32:13:52:Infinity":8,"f:32:13:32:Infinity":3,"b:38:2:43:Infinity:undefined:undefined:undefined:undefined":1,"s:38:2:43:Infinity":9,"s:39:4:42:Infinity":10,"s:46:2:46:Infinity":11,"s:48:2:51:Infinity":12},"fnNames":{}}}
[...]
end":{"line":43,"column":null}},"1":{"start":{"line":16,"column":56},"end":{"line":43,"column":2}},"2":{"start":{"line":21,"column":4},"end":{"line":23,"column":null}},"3":{"start":{"line":21,"column":20},"end":{"line":23,"column":6}},"4":{"start":{"line":26,"column":4},"end":{"line":30,"column":null}},"5":{"start":{"line":26,"column":20},"end":{"line":30,"column":6}},"6":{"start":{"line":28,"column":8},"end":{"line":28,"column":null}},"7":{"start":{"line":33,"column":4},"end":{"line":35,"column":null}},"8":{"start":{"line":33,"column":20},"end":{"line":35,"column":6}},"9":{"start":{"line":34,"column":49},"end":{"line":34,"column":62}},"10":{"start":{"line":38,"column":4},"end":{"line":40,"column":null}},"11":{"start":{"line":38,"column":20},"end":{"line":40,"column":6}},"12":{"start":{"line":39,"column":37},"end":{"line":39,"column":74}},"13":{"start":{"line":42,"column":23},"end":{"line":42,"column":null}},"14":{"start":{"line":46,"column":13},"end":{"line":46,"column":null}},"15":{"start":{"line":46,"column":34},"end":{"line":46,"column":null}},"16":{"start":{"line":46,"column":57},"end":{"line":46,"column":72}},"17":{"start":{"line":47,"column":13},"end":{"line":47,"column":null}},"18":{"start":{"line":47,"column":30},"end":{"line":47,"column":null}},"19":{"start":{"line":47,"column":53},"end":{"line":47,"column":64}},"20":{"start":{"line":48,"column":13},"end":{"line":49,"column":null}},"21":{"start":{"line":49,"column":2},"end":{"line":49,"column":null}},"22":{"start":{"line":49,"column":25},"end":{"line":49,"column":75}},"23":{"start":{"line":49,"column":55},"end":{"line":49,"column":74}},"24":{"start":{"line":50,"column":13},"end":{"line":51,"column":null}},"25":{"start":{"line":51,"column":2},"end":{"line":51,"column":null}},"26":{"start":{"line":51,"column":25},"end":{"line":51,"column":70}},"27":{"start":{"line":51,"column":51},"end":{"line":51,"column":69}}},"fnMap":{"0":{"name":"(anonymous_0)","decl":{"start":{"line":16,"column":45},"end":{"line":16,"column":47}},"loc":{"start":{"line":16,"column":56},"end":{"line":43,"column":2}},"line":16},"1":{"name":"(anonymous_1)","decl":{"start":{"line":20,"column":2},"end":{"line":20,"column":16}},"loc":{"start":{"line":21,"column":4},"end":{"line":23,"column":null}},"line":21},"2":{"name":"(anonymous_2)","decl":{"start":{"line":21,"column":4},"end":{"line":21,"column":9}},"loc":{"start":{"line":21,"column":20},"end":{"line":23,"column":6}},"line":21},"3":{"name":"(anonymous_3)","decl":{"start":{"line":25,"column":2},"end":{"line":25,"column":19}},"loc":{"start":{"line":26,"column":4},"end":{"line":30,"column":null}},"line":26},"4":{"name":"(anonymous_4)","decl":{"start":{"line":26,"column":4},"end":{"line":26,"column":9}},"loc":{"start":{"line":26,"column":20},"end":{"line":30,"column":6}},"line":26},"5":{"name":"(anonymous_5)","decl":{"start":{"line":27,"column":33},"end":{"line":27,"column":38}},"loc":{"start":{"line":28,"column":8},"end":{"line":28,"column":null}},"line":28},"6":{"name":"(anonymous_6)","decl":{"start":{"line":32,"column":2},"end":{"line":32,"column":19}},"loc":{"start":{"line":33,"column":4},"end":{"line":35,"column":null}},"line":33},"7":{"name":"(anonymous_7)","decl":{"start":{"line":33,"column":4},"end":{"line":33,"column":9}},"loc":{"start":{"line":33,"column":20},"end":{"line":35,"column":6}},"line":33},"8":{"name":"(anonymous_8)","decl":{"start":{"line":34,"column":33},"end":{"line":34,"column":41}},"loc":{"start":{"line":34,"column":49},"end":{"line":34,"column":62}},"line":34},"9":{"name":"(anonymous_9)","decl":{"start":{"line":37,"column":2},"end":{"line":37,"column":15}},"loc":{"start":{"line":38,"column":4},"end":{"line":40,"column":null}},"line":38},"10":{"name":"(anonymous_10)","decl":{"start":{"line":38,"column":4},"end":{"line":38,"column":9}},"loc":{"start":{"line":38,"column":20},"end":{"line":40,"column":6}},"line":38},"11":{"name":"(anonymous_11)","decl":{"start":{"line":39,"column":25},"end":{"line":39,"column":30}},"loc":{"start":{"line":39,"column":37},"end":{"line":39,"column":74}},"line":39},"12":{"name":"(anonymous_12)","decl":{"start":{"line":42,"column":2},"end":{"line":42,"column":13}},"loc":{"start":{"line":42,"column":23},"end":{"line":42,"column":null}},"line":42},"13":{"name":"(anonymous_13)","decl":{"start":{"line":46,"column":13},"end":{"line":46,"column":34}},"loc":{"start":{"line":46,"column":34},"end":{"line":46,"column":null}},"line":46},"14":{"name":"(anonymous_14)","decl":{"start":{"line":46,"column":34},"end":{"line":46,"column":47}},"loc":{"start":{"line":46,"column":57},"end":{"line":46,"column":72}},"line":46},"15":{"name":"(anonymous_15)","decl":{"start":{"line":47,"column":13},"end":{"line":47,"column":30}},"loc":{"start":{"line":47,"column":30},"end":{"line":47,"column":null}},"line":47},"16":{"name":"(anonymous_16)","decl":{"start":{"line":47,"column":30},"end":{"line":47,"column":43}},"loc":{"start":{"line":47,"column":53},"end":{"line":47,"column":64}},"line":47},"17":{"name":"(anonymous_17)","decl":{"start":{"line":48,"column":13},"end":{"line":48,"column":37}},"loc":{"start":{"line":49,"column":2},"end":{"line":49,"column":null}},"line":49},"18":{"name":"(anonymous_18)","decl":{"start":{"line":49,"column":2},"end":{"line":49,"column":15}},"loc":{"start":{"line":49,"column":25},"end":{"line":49,"column":75}},"line":49},"19":{"name":"(anonymous_19)","decl":{"start":{"line":49,"column":41},"end":{"line":49,"column":49}},"loc":{"start":{"line":49,"column":55},"end":{"line":49,"column":74}},"line":49},"20":{"name":"(anonymous_20)","decl":{"start":{"line":50,"column":13},"end":{"line":50,"column":null}},"loc":{"start":{"line":51,"column":2},"end":{"line":51,"column":null}},"line":51},"21":{"name":"(anonymous_21)","decl":{"start":{"line":51,"column":2},"end":{"line":51,"column":15}},"loc":{"start":{"line":51,"column":25},"end":{"line":51,"column":70}},"line":51},"22":{"name":"(anonymous_22)","decl":{"start":{"line":51,"column":37},"end":{"line":51,"column":45}},"loc":{"start":{"line":51,"column":51},"end":{"line":51,"column":69}},"line":51}},"branchMap":{"0":{"loc":{"start":{"line":28,"column":8},"end":{"line":28,"column":null}},"type":"cond-expr","locations":[{"start":{"line":28,"column":24},"end":{"line":28,"column":47}},{"start":{"line":28,"column":47},"end":{"line":28,"column":null}}],"line":28},"1":{"loc":{"start":{"line":39,"column":37},"end":{"line":39,"column":74}},"type":"cond-expr","locations":[{"start":{"line":39,"column":51},"end":{"line":39,"column":72}},{"start":{"line":39,"column":72},"end":{"line":39,"column":74}}],"line":39}},"s":{"0":2,"1":2,"2":1,"3":1,"4":1,"5":1,"6":4,"7":1,"8":1,"9":4,"10":1,"11":1,"12":8,"13":1,"14":2,"15":0,"16":0,"17":2,"18":0,"19":0,"20":2,"21":0,"22":0,"23":0,"24":2,"25":0,"26":0,"27":0},"f":{"0":2,"1":1,"2":1,"3":1,"4":1,"5":4,"6":1,"7":1,"8":4,"9":1,"10":1,"11":8,"12":1,"13":0,"14":0,"15":0,"16":0,"17":0,"18":0,"19":0,"20":0,"21":0,"22":0},"b":{"0":[1,3],"1":[1,7]},"meta":{"lastBranch":2,"lastFunction":23,"lastStatement":28,"seen":{"s:16:27:43:Infinity":0,"f:16:45:16:47":0,"s:16:56:43:2":1,"f:20:2:20:16":1,"s:21:4:23:Infinity":2,"f:21:4:21:9":2,"s:21:20:23:6":3,"f:25:2:25:19":3,"s:26:4:30:Infinity":4,"f:26:4:26:9":4,"s:26:20:30:6":5,"f:27:33:27:38":5,"s:28:8:28:Infinity":6,"b:28:24:28:47:28:47:28:Infinity":0,"f:32:2:32:19":6,"s:33:4:35:Infinity":7,"f:33:4:33:9":7,"s:33:20:35:6":8,"f:34:33:34:41":8,"s:34:49:34:62":9,"f:37:2:37:15":9,"s:38:4:40:Infinity":10,"f:38:4:38:9":10,"s:38:20:40:6":11,"f:39:25:39:30":11,"s:39:37:39:74":12,"b:39:51:39:72:39:72:39:74":1,"f:42:2:42:13":12,"s:42:23:42:Infinity":13,"s:46:13:46:Infinity":14,"f:46:13:46:34":13,"s:46:34:46:Infinity":15,"f:46:34:46:47":14,"s:46:57:46:72":16,"s:47:13:47:Infinity":17,"f:47:13:47:30":15,"s:47:30:47:Infinity":18,"f:47:30:47:43":16,"s:47:53:47:64":19,"s:48:13:49:Infinity":20,"f:48:13:48:37":17,"s:49:2:49:Infinity":21,"f:49:2:49:15":18,"s:49:25:49:75":22,"f:49:41:49:49":19,"s:49:55:49:74":23,"s:50:13:51:Infinity":24,"f:50:13:50:Infinity":20,"s:51:2:51:Infinity":25,"f:51:2:51:15":21,"s:51:25:51:70":26,"f:51:37:51:45":22,"s:51:51:51:69":27},"fnNames":{}}}
,"C:\\Users\\HUAWEI\\Downloads\\fanops\\fanops-unified-main\\src\\store\\userStore.ts": {"path":"C:\\Users\\HUAWEI\\Downloads\\fanops\\fanops-unified-main\\src\\store\\userStore.ts","statementMap":{"0":{"start":{"line":45,"column":28},"end":{"line":102,"column":null}},"1":{"start":{"line":47,"column":14},"end":{"line":92,"column":null}},"2":{"start":{"line":52,"column":25},"end":{"line":52,"column":null}},"3":{"start":{"line":55,"column":8},"end":{"line":65,"column":null}},"4":{"start":{"line":56,"column":27},"end":{"line":56,"column":null}},"5":{"start":{"line":56,"column":50},"end":{"line":56,"column":66}},"6":{"start":{"line":57,"column":10},"end":{"line":63,"column":null}},"7":{"start":{"line":58,"column":12},"end":{"line":62,"column":null}},"8":{"start":{"line":60,"column":16},"end":{"line":60,"column":null}},"9":{"start":{"line":64,"column":10},"end":{"line":64,"column":null}},"10":{"start":{"line":68,"column":8},"end":{"line":70,"column":null}},"11":{"start":{"line":68,"column":24},"end":{"line":70,"column":10}},"12":{"start":{"line":69,"column":44},"end":{"line":69,"column":62}},"13":{"start":{"line":73,"column":8},"end":{"line":77,"column":null}},"14":{"start":{"line":73,"column":24},"end":{"line":77,"column":10}},"15":{"start":{"line":75,"column":42},"end":{"line":75,"column":60}},"16":{"start":{"line":76,"column":40},"end":{"line":76,"column":95}},"17":{"start":{"line":79,"column":23},"end":{"line":79,"column":null}},"18":{"start":{"line":82,"column":8},"end":{"line":84,"column":null}},"19":{"start":{"line":82,"column":24},"end":{"line":84,"column":10}},"20":{"start":{"line":87,"column":8},"end":{"line":89,"column":null}},"21":{"start":{"line":87,"column":24},"end":{"line":89,"column":10}},"22":{"start":{"line":88,"column":43},"end":{"line":88,"column":83}},"23":{"start":{"line":91,"column":20},"end":{"line":91,"column":null}},"24":{"start":{"line":95,"column":30},"end":{"line":99,"column":null}},"25":{"start":{"line":105,"column":13},"end":{"line":105,"column":null}},"26":{"start":{"line":105,"column":29},"end":{"line":105,"column":null}},"27":{"start":{"line":105,"column":53},"end":{"line":105,"column":63}},"28":{"start":{"line":106,"column":13},"end":{"line":106,"column":null}},"29":{"start":{"line":106,"column":29},"end":{"line":106,"column":null}},"30":{"start":{"line":106,"column":53},"end":{"line":106,"column":63}},"31":{"start":{"line":107,"column":13},"end":{"line":110,"column":null}},"32":{"start":{"line":108,"column":2},"end":{"line":110,"column":null}},"33":{"start":{"line":109,"column":4},"end":{"line":109,"column":null}},"34":{"start":{"line":109,"column":37},"end":{"line":109,"column":71}},"35":{"start":{"line":111,"column":13},"end":{"line":111,"column":null}},"36":{"start":{"line":111,"column":31},"end":{"line":111,"column":null}},"37":{"start":{"line":111,"column":55},"end":{"line":111,"column":67}}},"fnMap":{"0":{"name":"(anonymous_0)","decl":{"start":{"line":46,"column":2},"end":{"line":46,"column":null}},"loc":{"start":{"line":47,"column":14},"end":{"line":92,"column":null}},"line":47},"1":{"name":"(anonymous_1)","decl":{"start":{"line":52,"column":6},"end":{"line":52,"column":16}},"loc":{"start":{"line":52,"column":25},"end":{"line":52,"column":null}},"line":52},"2":{"name":"(anonymous_2)","decl":{"start":{"line":54,"column":6},"end":{"line":54,"column":18}},"loc":{"start":{"line":55,"column":8},"end":{"line":65,"column":null}},"line":55},"3":{"name":"(anonymous_3)","decl":{"start":{"line":55,"column":8},"end":{"line":55,"column":13}},"loc":{"start":{"line":55,"column":23},"end":{"line":65,"column":9}},"line":55},"4":{"name":"(anonymous_4)","decl":{"start":{"line":56,"column":38},"end":{"line":56,"column":44}},"loc":{"start":{"line":56,"column":50},"end":{"line":56,"column":66}},"line":56},"5":{"name":"(anonymous_5)","decl":{"start":{"line":59,"column":31},"end":{"line":59,"column":36}},"loc":{"start":{"line":60,"column":16},"end":{"line":60,"column":null}},"line":60},"6":{"name":"(anonymous_6)","decl":{"start":{"line":67,"column":6},"end":{"line":67,"column":23}},"loc":{"start":{"line":68,"column":8},"end":{"line":70,"column":null}},"line":68},"7":{"name":"(anonymous_7)","decl":{"start":{"line":68,"column":8},"end":{"line":68,"column":13}},"loc":{"start":{"line":68,"column":24},"end":{"line":70,"column":10}},"line":68},"8":{"name":"(anonymous_8)","decl":{"start":{"line":69,"column":27},"end":{"line":69,"column":35}},"loc":{"start":{"line":69,"column":44},"end":{"line":69,"column":62}},"line":69},"9":{"name":"(anonymous_9)","decl":{"start":{"line":72,"column":6},"end":{"line":72,"column":22}},"loc":{"start":{"line":73,"column":8},"end":{"line":77,"column":null}},"line":73},"10":{"name":"(anonymous_10)","decl":{"start":{"line":73,"column":8},"end":{"line":73,"column":13}},"loc":{"start":{"line":73,"column":24},"end":{"line":77,"column":10}},"line":73},"11":{"name":"(anonymous_11)","decl":{"start":{"line":75,"column":25},"end":{"line":75,"column":33}},"loc":{"start":{"line":75,"column":42},"end":{"line":75,"column":60}},"line":75},"12":{"name":"(anonymous_12)","decl":{"start":{"line":76,"column":25},"end":{"line":76,"column":30}},"loc":{"start":{"line":76,"column":40},"end":{"line":76,"column":95}},"line":76},"13":{"name":"(anonymous_13)","decl":{"start":{"line":79,"column":6},"end":{"line":79,"column":23}},"loc":{"start":{"line":79,"column":23},"end":{"line":79,"column":null}},"line":79},"14":{"name":"(anonymous_14)","decl":{"start":{"line":81,"column":6},"end":{"line":81,"column":17}},"loc":{"start":{"line":82,"column":8},"end":{"line":84,"column":null}},"line":82},"15":{"name":"(anonymous_15)","decl":{"start":{"line":82,"column":8},"end":{"line":82,"column":13}},"loc":{"start":{"line":82,"column":24},"end":{"line":84,"column":10}},"line":82},"16":{"name":"(anonymous_16)","decl":{"start":{"line":86,"column":6},"end":{"line":86,"column":26}},"loc":{"start":{"line":87,"column":8},"end":{"line":89,"column":null}},"line":87},"17":{"name":"(anonymous_17)","decl":{"start":{"line":87,"column":8},"end":{"line":87,"column":13}},"loc":{"start":{"line":87,"column":24},"end":{"line":89,"column":10}},"line":87},"18":{"name":"(anonymous_18)","decl":{"start":{"line":88,"column":31},"end":{"line":88,"column":36}},"loc":{"start":{"line":88,"column":43},"end":{"line":88,"column":83}},"line":88},"19":{"name":"(anonymous_19)","decl":{"start":{"line":91,"column":6},"end":{"line":91,"column":20}},"loc":{"start":{"line":91,"column":20},"end":{"line":91,"column":null}},"line":91},"20":{"name":"(anonymous_20)","decl":{"start":{"line":95,"column":6},"end":{"line":95,"column":19}},"loc":{"start":{"line":95,"column":30},"end":{"line":99,"column":null}},"line":95},"21":{"name":"(anonymous_21)","decl":{"start":{"line":105,"column":13},"end":{"line":105,"column":29}},"loc":{"start":{"line":105,"column":29},"end":{"line":105,"column":null}},"line":105},"22":{"name":"(anonymous_22)","decl":{"start":{"line":105,"column":29},"end":{"line":105,"column":43}},"loc":{"start":{"line":105,"column":53},"end":{"line":105,"column":63}},"line":105},"23":{"name":"(anonymous_23)","decl":{"start":{"line":106,"column":13},"end":{"line":106,"column":29}},"loc":{"start":{"line":106,"column":29},"end":{"line":106,"column":null}},"line":106},"24":{"name":"(anonymous_24)","decl":{"start":{"line":106,"column":29},"end":{"line":106,"column":43}},"loc":{"start":{"line":106,"column":53},"end":{"line":106,"column":63}},"line":106},"25":{"name":"(anonymous_25)","decl":{"start":{"line":107,"column":13},"end":{"line":107,"column":null}},"loc":{"start":{"line":108,"column":2},"end":{"line":110,"column":null}},"line":108},"26":{"name":"(anonymous_26)","decl":{"start":{"line":108,"column":2},"end":{"line":108,"column":16}},"loc":{"start":{"line":109,"column":4},"end":{"line":109,"column":null}},"line":109},"27":{"name":"(anonymous_27)","decl":{"start":{"line":109,"column":15},"end":{"line":109,"column":23}},"loc":{"start":{"line":109,"column":37},"end":{"line":109,"column":71}},"line":109},"28":{"name":"(anonymous_28)","decl":{"start":{"line":111,"column":13},"end":{"line":111,"column":31}},"loc":{"start":{"line":111,"column":31},"end":{"line":111,"column":null}},"line":111},"29":{"name":"(anonymous_29)","decl":{"start":{"line":111,"column":31},"end":{"line":111,"column":45}},"loc":{"start":{"line":111,"column":55},"end":{"line":111,"column":67}},"line":111}},"branchMap":{"0":{"loc":{"start":{"line":57,"column":10},"end":{"line":63,"column":null}},"type":"if","locations":[{"start":{"line":57,"column":10},"end":{"line":63,"column":null}},{"start":{},"end":{}}],"line":57},"1":{"loc":{"start":{"line":60,"column":16},"end":{"line":60,"column":null}},"type":"cond-expr","locations":[{"start":{"line":60,"column":35},"end":{"line":60,"column":84}},{"start":{"line":60,"column":84},"end":{"line":60,"column":null}}],"line":60},"2":{"loc":{"start":{"line":74,"column":16},"end":{"line":76,"column":null}},"type":"cond-expr","locations":[{"start":{"line":75,"column":14},"end":{"line":75,"column":null}},{"start":{"line":76,"column":14},"end":{"line":76,"column":null}}],"line":74},"3":{"loc":{"start":{"line":76,"column":40},"end":{"line":76,"column":95}},"type":"cond-expr","locations":[{"start":{"line":76,"column":61},"end":{"line":76,"column":90}},{"start":{"line":76,"column":90},"end":{"line":76,"column":95}}],"line":76},"4":{"loc":{"start":{"line":88,"column":43},"end":{"line":88,"column":83}},"type":"cond-expr","locations":[{"start":{"line":88,"column":62},"end":{"line":88,"column":81}},{"start":{"line":88,"column":81},"end":{"line":88,"column":83}}],"line":88}},"s":{"0":1,"1":1,"2":2,"3":7,"4":7,"5":1,"6":7,"7":1,"8":1,"9":6,"10":1,"11":1,"12":1,"13":2,"14":2,"15":1,"16":1,"17":1,"18":1,"19":1,"20":1,"21":1,"22":1,"23":1,"24":24,"25":1,"26":0,"27":0,"28":1,"29":0,"30":0,"31":1,"32":0,"33":0,"34":0,"35":1,"36":0,"37":0},"f":{"0":1,"1":2,"2":7,"3":7,"4":1,"5":1,"6":1,"7":1,"8":1,"9":2,"10":2,"11":1,"12":1,"13":1,"14":1,"15":1,"16":1,"17":1,"18":1,"19":1,"20":24,"21":0,"22":0,"23":0,"24":0,"25":0,"26":0,"27":0,"28":0,"29":0},"b":{"0":[1,6],"1":[1,0],"2":[1,1],"3":[1,0],"4":[1,0]},"meta":{"lastBranch":5,"lastFunction":30,"lastStatement":38,"seen":{"s:45:28:102:Infinity":0,"f:46:2:46:Infinity":0,"s:47:14:92:Infinity":1,"f:52:6:52:16":1,"s:52:25:52:Infinity":2,"f:54:6:54:18":2,"s:55:8:65:Infinity":3,"f:55:8:55:13":3,"s:56:27:56:Infinity":4,"f:56:38:56:44":4,"s:56:50:56:66":5,"b:57:10:63:Infinity:undefined:undefined:undefined:undefined":0,"s:57:10:63:Infinity":6,"s:58:12:62:Infinity":7,"f:59:31:59:36":5,"s:60:16:60:Infinity":8,"b:60:35:60:84:60:84:60:Infinity":1,"s:64:10:64:Infinity":9,"f:67:6:67:23":6,"s:68:8:70:Infinity":10,"f:68:8:68:13":7,"s:68:24:70:10":11,"f:69:27:69:35":8,"s:69:44:69:62":12,"f:72:6:72:22":9,"s:73:8:77:Infinity":13,"f:73:8:73:13":10,"s:73:24:77:10":14,"b:75:14:75:Infinity:76:14:76:Infinity":2,"f:75:25:75:33":11,"s:75:42:75:60":15,"f:76:25:76:30":12,"s:76:40:76:95":16,"b:76:61:76:90:76:90:76:95":3,"f:79:6:79:23":13,"s:79:23:79:Infinity":17,"f:81:6:81:17":14,"s:82:8:84:Infinity":18,"f:82:8:82:13":15,"s:82:24:84:10":19,"f:86:6:86:26":16,"s:87:8:89:Infinity":20,"f:87:8:87:13":17,"s:87:24:89:10":21,"f:88:31:88:36":18,"s:88:43:88:83":22,"b:88:62:88:81:88:81:88:83":4,"f:91:6:91:20":19,"s:91:20:91:Infinity":23,"f:95:6:95:19":20,"s:95:30:99:Infinity":24,"s:105:13:105:Infinity":25,"f:105:13:105:29":21,"s:105:29:105:Infinity":26,"f:105:29:105:43":22,"s:105:53:105:63":27,"s:106:13:106:Infinity":28,"f:106:13:106:29":23,"s:106:29:106:Infinity":29,"f:106:29:106:43":24,"s:106:53:106:63":30,"s:107:13:110:Infinity":31,"f:107:13:107:Infinity":25,"s:108:2:110:Infinity":32,"f:108:2:108:16":26,"s:109:4:109:Infinity":33,"f:109:15:109:23":27,"s:109:37:109:71":34,"s:111:13:111:Infinity":35,"f:111:13:111:31":28,"s:111:31:111:Infinity":36,"f:111:31:111:45":29,"s:111:55:111:67":37},"fnNames":{}}}
}
